[05-Jan-2018 07:57:46 UTC] PHP Notice:  Undefined index: SERVER_SOFTWARE in phar:///usr/local/bin/wp/php/WP_CLI/Runner.php(1020) : eval()'d code on line 75
[05-Jan-2018 07:57:46 UTC] PHP Notice:  Undefined index: SERVER_SOFTWARE in phar:///usr/local/bin/wp/php/WP_CLI/Runner.php(1020) : eval()'d code on line 75
[05-Jan-2018 07:57:47 UTC] PHP Notice:  Undefined index: SERVER_SOFTWARE in phar:///usr/local/bin/wp/php/WP_CLI/Runner.php(1020) : eval()'d code on line 75
[05-Jan-2018 07:57:48 UTC] PHP Notice:  Undefined index: SERVER_SOFTWARE in phar:///usr/local/bin/wp/php/WP_CLI/Runner.php(1020) : eval()'d code on line 75
[05-Jan-2018 07:57:48 UTC] PHP Notice:  Undefined index: SERVER_SOFTWARE in phar:///usr/local/bin/wp/php/WP_CLI/Runner.php(1020) : eval()'d code on line 75
[05-Jan-2018 07:57:49 UTC] PHP Notice:  Undefined index: SERVER_SOFTWARE in phar:///usr/local/bin/wp/php/WP_CLI/Runner.php(1020) : eval()'d code on line 75
[05-Jan-2018 08:08:03 UTC] PHP Notice:  Undefined index: SERVER_SOFTWARE in phar:///usr/local/bin/wp/php/WP_CLI/Runner.php(1020) : eval()'d code on line 75
[05-Jan-2018 08:08:08 UTC] PHP Notice:  Undefined index: SERVER_SOFTWARE in phar:///usr/local/bin/wp/php/WP_CLI/Runner.php(1020) : eval()'d code on line 75
[05-Jan-2018 08:08:20 UTC] PHP Notice:  Undefined index: SERVER_SOFTWARE in phar:///usr/local/bin/wp/php/WP_CLI/Runner.php(1020) : eval()'d code on line 75
[05-Jan-2018 08:08:24 UTC] PHP Notice:  Undefined index: SERVER_SOFTWARE in phar:///usr/local/bin/wp/php/WP_CLI/Runner.php(1020) : eval()'d code on line 75
[05-Jan-2018 08:10:46 UTC] PHP Notice:  Undefined index: SERVER_SOFTWARE in phar:///usr/local/bin/wp/php/WP_CLI/Runner.php(1020) : eval()'d code on line 75
[05-Jan-2018 08:10:52 UTC] PHP Notice:  Undefined index: SERVER_SOFTWARE in phar:///usr/local/bin/wp/php/WP_CLI/Runner.php(1020) : eval()'d code on line 75
[05-Jan-2018 08:13:22 UTC] PHP Warning:  An unexpected error occurred. Something may be wrong with WordPress.org or this server&#8217;s configuration. If you continue to have problems, please try the <a href="https://wordpress.org/support/">support forums</a>. (WordPress could not establish a secure connection to WordPress.org. Please contact your server administrator.) in /app/public/wp-includes/update.php on line 131
[05-Jan-2018 08:13:27 UTC] PHP Warning:  An unexpected error occurred. Something may be wrong with WordPress.org or this server&#8217;s configuration. If you continue to have problems, please try the <a href="https://wordpress.org/support/">support forums</a>. (WordPress could not establish a secure connection to WordPress.org. Please contact your server administrator.) in /app/public/wp-includes/update.php on line 501
[05-Jan-2018 08:14:24 UTC] PHP Warning:  An unexpected error occurred. Something may be wrong with WordPress.org or this server&#8217;s configuration. If you continue to have problems, please try the <a href="https://wordpress.org/support/">support forums</a>. (WordPress could not establish a secure connection to WordPress.org. Please contact your server administrator.) in /app/public/wp-includes/update.php on line 323
[05-Jan-2018 08:14:28 UTC] PHP Warning:  session_start(): Cannot send session cookie - headers already sent by (output started at /app/public/wp-includes/functions.php:3722) in /app/public/wp-content/plugins/jnews-social-login/class.jnews-social-login.php on line 83
[05-Jan-2018 08:14:28 UTC] PHP Warning:  session_start(): Cannot send session cache limiter - headers already sent (output started at /app/public/wp-includes/functions.php:3722) in /app/public/wp-content/plugins/jnews-social-login/class.jnews-social-login.php on line 83
[05-Jan-2018 08:15:03 UTC] PHP Warning:  include(/app/public/wp-content/themes/jnews/data/import//content.php): failed to open stream: No such file or directory in /app/public/wp-content/themes/jnews/class/Importer.php on line 113
[05-Jan-2018 08:15:03 UTC] PHP Warning:  include(): Failed opening '/app/public/wp-content/themes/jnews/data/import//content.php' for inclusion (include_path='.:/usr/share/php:/www/wp-content/pear') in /app/public/wp-content/themes/jnews/class/Importer.php on line 113
[05-Jan-2018 08:15:04 UTC] PHP Warning:  include(/app/public/wp-content/themes/jnews/data/import//content.php): failed to open stream: No such file or directory in /app/public/wp-content/themes/jnews/class/Importer.php on line 113
[05-Jan-2018 08:15:04 UTC] PHP Warning:  include(): Failed opening '/app/public/wp-content/themes/jnews/data/import//content.php' for inclusion (include_path='.:/usr/share/php:/www/wp-content/pear') in /app/public/wp-content/themes/jnews/class/Importer.php on line 113
[05-Jan-2018 08:15:05 UTC] PHP Warning:  include(/app/public/wp-content/themes/jnews/data/import//content.php): failed to open stream: No such file or directory in /app/public/wp-content/themes/jnews/class/Importer.php on line 113
[05-Jan-2018 08:15:05 UTC] PHP Warning:  include(): Failed opening '/app/public/wp-content/themes/jnews/data/import//content.php' for inclusion (include_path='.:/usr/share/php:/www/wp-content/pear') in /app/public/wp-content/themes/jnews/class/Importer.php on line 113
[05-Jan-2018 08:15:05 UTC] PHP Warning:  include(/app/public/wp-content/themes/jnews/data/import//content.php): failed to open stream: No such file or directory in /app/public/wp-content/themes/jnews/class/Importer.php on line 113
[05-Jan-2018 08:15:05 UTC] PHP Warning:  include(): Failed opening '/app/public/wp-content/themes/jnews/data/import//content.php' for inclusion (include_path='.:/usr/share/php:/www/wp-content/pear') in /app/public/wp-content/themes/jnews/class/Importer.php on line 113
[05-Jan-2018 08:15:06 UTC] PHP Warning:  include(/app/public/wp-content/themes/jnews/data/import//content.php): failed to open stream: No such file or directory in /app/public/wp-content/themes/jnews/class/Importer.php on line 113
[05-Jan-2018 08:15:06 UTC] PHP Warning:  include(): Failed opening '/app/public/wp-content/themes/jnews/data/import//content.php' for inclusion (include_path='.:/usr/share/php:/www/wp-content/pear') in /app/public/wp-content/themes/jnews/class/Importer.php on line 113
[05-Jan-2018 08:15:07 UTC] PHP Warning:  include(/app/public/wp-content/themes/jnews/data/import//content.php): failed to open stream: No such file or directory in /app/public/wp-content/themes/jnews/class/Importer.php on line 113
[05-Jan-2018 08:15:07 UTC] PHP Warning:  include(): Failed opening '/app/public/wp-content/themes/jnews/data/import//content.php' for inclusion (include_path='.:/usr/share/php:/www/wp-content/pear') in /app/public/wp-content/themes/jnews/class/Importer.php on line 113
[05-Jan-2018 08:15:07 UTC] PHP Warning:  include(/app/public/wp-content/themes/jnews/data/import//content.php): failed to open stream: No such file or directory in /app/public/wp-content/themes/jnews/class/Importer.php on line 113
[05-Jan-2018 08:15:07 UTC] PHP Warning:  include(): Failed opening '/app/public/wp-content/themes/jnews/data/import//content.php' for inclusion (include_path='.:/usr/share/php:/www/wp-content/pear') in /app/public/wp-content/themes/jnews/class/Importer.php on line 113
[05-Jan-2018 09:19:34 UTC] PHP Warning:  An unexpected error occurred. Something may be wrong with WordPress.org or this server&#8217;s configuration. If you continue to have problems, please try the <a href="https://wordpress.org/support/">support forums</a>. (WordPress could not establish a secure connection to WordPress.org. Please contact your server administrator.) in /app/public/wp-admin/includes/update.php on line 121
[05-Jan-2018 09:20:08 UTC] PHP Warning:  An unexpected error occurred. Something may be wrong with WordPress.org or this server&#8217;s configuration. If you continue to have problems, please try the <a href="https://wordpress.org/support/">support forums</a>. (WordPress could not establish a secure connection to WordPress.org. Please contact your server administrator.) in /app/public/wp-admin/includes/update.php on line 121
[05-Jan-2018 09:29:25 UTC] PHP Notice:  Undefined index: SERVER_SOFTWARE in phar:///usr/local/bin/wp/php/WP_CLI/Runner.php(1020) : eval()'d code on line 75
[05-Jan-2018 09:29:25 UTC] PHP Notice:  Undefined index: SERVER_SOFTWARE in phar:///usr/local/bin/wp/php/WP_CLI/Runner.php(1020) : eval()'d code on line 75
[05-Jan-2018 09:29:26 UTC] PHP Notice:  Undefined index: SERVER_SOFTWARE in phar:///usr/local/bin/wp/php/WP_CLI/Runner.php(1020) : eval()'d code on line 75
[05-Jan-2018 09:29:26 UTC] PHP Notice:  Undefined index: SERVER_SOFTWARE in phar:///usr/local/bin/wp/php/WP_CLI/Runner.php(1020) : eval()'d code on line 75
[05-Jan-2018 09:55:05 UTC] PHP Warning:  An unexpected error occurred. Something may be wrong with WordPress.org or this server&#8217;s configuration. If you continue to have problems, please try the <a href="https://wordpress.org/support/">support forums</a>. (WordPress could not establish a secure connection to WordPress.org. Please contact your server administrator.) in /app/public/wp-includes/update.php on line 155
[05-Jan-2018 10:13:35 UTC] PHP Notice:  Undefined index: SERVER_SOFTWARE in phar:///usr/local/bin/wp/php/WP_CLI/Runner.php(1020) : eval()'d code on line 75
[05-Jan-2018 10:13:36 UTC] PHP Notice:  Undefined index: SERVER_SOFTWARE in phar:///usr/local/bin/wp/php/WP_CLI/Runner.php(1020) : eval()'d code on line 75
[05-Jan-2018 10:13:37 UTC] PHP Notice:  Undefined index: SERVER_SOFTWARE in phar:///usr/local/bin/wp/php/WP_CLI/Runner.php(1020) : eval()'d code on line 75
[05-Jan-2018 10:13:37 UTC] PHP Notice:  Undefined index: SERVER_SOFTWARE in phar:///usr/local/bin/wp/php/WP_CLI/Runner.php(1020) : eval()'d code on line 75
[05-Jan-2018 10:23:36 UTC] PHP Notice:  Use of undefined constant ‘WP_MEMORY_LIMIT’ - assumed '‘WP_MEMORY_LIMIT’' in phar:///usr/local/bin/wp/php/WP_CLI/Runner.php(1020) : eval()'d code on line 39
[05-Jan-2018 10:23:36 UTC] PHP Notice:  Use of undefined constant ‘128M’ - assumed '‘128M’' in phar:///usr/local/bin/wp/php/WP_CLI/Runner.php(1020) : eval()'d code on line 39
[05-Jan-2018 10:23:36 UTC] PHP Notice:  Undefined index: SERVER_SOFTWARE in phar:///usr/local/bin/wp/php/WP_CLI/Runner.php(1020) : eval()'d code on line 77
[05-Jan-2018 10:23:36 UTC] PHP Notice:  Use of undefined constant ‘WP_MEMORY_LIMIT’ - assumed '‘WP_MEMORY_LIMIT’' in phar:///usr/local/bin/wp/php/WP_CLI/Runner.php(1020) : eval()'d code on line 39
[05-Jan-2018 10:23:36 UTC] PHP Notice:  Use of undefined constant ‘128M’ - assumed '‘128M’' in phar:///usr/local/bin/wp/php/WP_CLI/Runner.php(1020) : eval()'d code on line 39
[05-Jan-2018 10:23:36 UTC] PHP Notice:  Undefined index: SERVER_SOFTWARE in phar:///usr/local/bin/wp/php/WP_CLI/Runner.php(1020) : eval()'d code on line 77
[05-Jan-2018 10:23:38 UTC] PHP Notice:  Use of undefined constant ‘WP_MEMORY_LIMIT’ - assumed '‘WP_MEMORY_LIMIT’' in phar:///usr/local/bin/wp/php/WP_CLI/Runner.php(1020) : eval()'d code on line 39
[05-Jan-2018 10:23:38 UTC] PHP Notice:  Use of undefined constant ‘128M’ - assumed '‘128M’' in phar:///usr/local/bin/wp/php/WP_CLI/Runner.php(1020) : eval()'d code on line 39
[05-Jan-2018 10:23:38 UTC] PHP Notice:  Undefined index: SERVER_SOFTWARE in phar:///usr/local/bin/wp/php/WP_CLI/Runner.php(1020) : eval()'d code on line 77
[05-Jan-2018 10:23:38 UTC] PHP Notice:  Use of undefined constant ‘WP_MEMORY_LIMIT’ - assumed '‘WP_MEMORY_LIMIT’' in phar:///usr/local/bin/wp/php/WP_CLI/Runner.php(1020) : eval()'d code on line 39
[05-Jan-2018 10:23:38 UTC] PHP Notice:  Use of undefined constant ‘128M’ - assumed '‘128M’' in phar:///usr/local/bin/wp/php/WP_CLI/Runner.php(1020) : eval()'d code on line 39
[05-Jan-2018 10:23:38 UTC] PHP Notice:  Undefined index: SERVER_SOFTWARE in phar:///usr/local/bin/wp/php/WP_CLI/Runner.php(1020) : eval()'d code on line 77
[06-Jan-2018 08:41:33 UTC] PHP Notice:  Undefined index: SERVER_SOFTWARE in phar:///usr/local/bin/wp/php/WP_CLI/Runner.php(1020) : eval()'d code on line 77
[06-Jan-2018 08:41:33 UTC] PHP Notice:  Undefined index: SERVER_SOFTWARE in phar:///usr/local/bin/wp/php/WP_CLI/Runner.php(1020) : eval()'d code on line 77
[06-Jan-2018 08:41:34 UTC] PHP Notice:  Undefined index: SERVER_SOFTWARE in phar:///usr/local/bin/wp/php/WP_CLI/Runner.php(1020) : eval()'d code on line 77
[06-Jan-2018 08:41:34 UTC] PHP Notice:  Undefined index: SERVER_SOFTWARE in phar:///usr/local/bin/wp/php/WP_CLI/Runner.php(1020) : eval()'d code on line 77
[06-Jan-2018 08:50:16 UTC] PHP Notice:  Undefined index: SERVER_SOFTWARE in phar:///usr/local/bin/wp/php/WP_CLI/Runner.php(1020) : eval()'d code on line 77
[06-Jan-2018 08:50:16 UTC] PHP Notice:  Undefined index: SERVER_SOFTWARE in phar:///usr/local/bin/wp/php/WP_CLI/Runner.php(1020) : eval()'d code on line 77
[06-Jan-2018 08:50:17 UTC] PHP Notice:  Undefined index: SERVER_SOFTWARE in phar:///usr/local/bin/wp/php/WP_CLI/Runner.php(1020) : eval()'d code on line 77
[06-Jan-2018 08:50:17 UTC] PHP Notice:  Undefined index: SERVER_SOFTWARE in phar:///usr/local/bin/wp/php/WP_CLI/Runner.php(1020) : eval()'d code on line 77
[06-Jan-2018 08:58:16 UTC] PHP Notice:  Undefined index: SERVER_SOFTWARE in phar:///usr/local/bin/wp/php/WP_CLI/Runner.php(1020) : eval()'d code on line 77
[07-Jan-2018 06:43:44 UTC] PHP Notice:  Undefined index: SERVER_SOFTWARE in phar:///usr/local/bin/wp/php/WP_CLI/Runner.php(1020) : eval()'d code on line 77
[07-Jan-2018 06:43:45 UTC] PHP Notice:  Undefined index: SERVER_SOFTWARE in phar:///usr/local/bin/wp/php/WP_CLI/Runner.php(1020) : eval()'d code on line 77
[07-Jan-2018 06:43:47 UTC] PHP Notice:  Undefined index: SERVER_SOFTWARE in phar:///usr/local/bin/wp/php/WP_CLI/Runner.php(1020) : eval()'d code on line 77
[07-Jan-2018 06:43:47 UTC] PHP Notice:  Undefined index: SERVER_SOFTWARE in phar:///usr/local/bin/wp/php/WP_CLI/Runner.php(1020) : eval()'d code on line 77
[07-Jan-2018 07:28:14 UTC] PHP Notice:  Undefined index: SERVER_SOFTWARE in phar:///usr/local/bin/wp/php/WP_CLI/Runner.php(1020) : eval()'d code on line 77
[07-Jan-2018 07:28:14 UTC] PHP Notice:  Undefined index: SERVER_SOFTWARE in phar:///usr/local/bin/wp/php/WP_CLI/Runner.php(1020) : eval()'d code on line 77
[07-Jan-2018 07:28:15 UTC] PHP Notice:  Undefined index: SERVER_SOFTWARE in phar:///usr/local/bin/wp/php/WP_CLI/Runner.php(1020) : eval()'d code on line 77
[07-Jan-2018 07:28:16 UTC] PHP Notice:  Undefined index: SERVER_SOFTWARE in phar:///usr/local/bin/wp/php/WP_CLI/Runner.php(1020) : eval()'d code on line 77
[07-Jan-2018 09:28:13 UTC] PHP Warning:  A non-numeric value encountered in /app/public/wp-content/plugins/jnews-social-share/class.jnews-initial-counter.php on line 80
[07-Jan-2018 09:40:39 UTC] PHP Warning:  A non-numeric value encountered in /app/public/wp-content/plugins/jnews-social-share/class.jnews-initial-counter.php on line 80
[07-Jan-2018 09:44:20 UTC] PHP Warning:  A non-numeric value encountered in /app/public/wp-content/plugins/jnews-social-share/class.jnews-initial-counter.php on line 80
[07-Jan-2018 09:56:33 UTC] PHP Warning:  A non-numeric value encountered in /app/public/wp-content/plugins/jnews-social-share/class.jnews-initial-counter.php on line 80
[07-Jan-2018 11:19:36 UTC] PHP Warning:  A non-numeric value encountered in /app/public/wp-content/plugins/jnews-social-share/class.jnews-initial-counter.php on line 80
[07-Jan-2018 11:42:45 UTC] PHP Warning:  A non-numeric value encountered in /app/public/wp-content/plugins/jnews-social-share/class.jnews-initial-counter.php on line 80
[08-Jan-2018 07:23:34 UTC] PHP Warning:  A non-numeric value encountered in /app/public/wp-content/plugins/jnews-social-share/class.jnews-initial-counter.php on line 80
[09-Jan-2018 02:21:12 UTC] PHP Notice:  Undefined index: SERVER_SOFTWARE in phar:///usr/local/bin/wp/php/WP_CLI/Runner.php(1020) : eval()'d code on line 77
[09-Jan-2018 02:21:12 UTC] PHP Notice:  Undefined index: SERVER_SOFTWARE in phar:///usr/local/bin/wp/php/WP_CLI/Runner.php(1020) : eval()'d code on line 77
[09-Jan-2018 02:21:15 UTC] PHP Notice:  Undefined index: SERVER_SOFTWARE in phar:///usr/local/bin/wp/php/WP_CLI/Runner.php(1020) : eval()'d code on line 77
[09-Jan-2018 02:21:15 UTC] PHP Notice:  Undefined index: SERVER_SOFTWARE in phar:///usr/local/bin/wp/php/WP_CLI/Runner.php(1020) : eval()'d code on line 77
[09-Jan-2018 11:23:20 UTC] PHP Notice:  Undefined index: SERVER_SOFTWARE in phar:///usr/local/bin/wp/php/WP_CLI/Runner.php(1020) : eval()'d code on line 77
[09-Jan-2018 11:23:20 UTC] PHP Notice:  Undefined index: SERVER_SOFTWARE in phar:///usr/local/bin/wp/php/WP_CLI/Runner.php(1020) : eval()'d code on line 77
[09-Jan-2018 11:23:21 UTC] PHP Notice:  Undefined index: SERVER_SOFTWARE in phar:///usr/local/bin/wp/php/WP_CLI/Runner.php(1020) : eval()'d code on line 77
[09-Jan-2018 11:23:21 UTC] PHP Notice:  Undefined index: SERVER_SOFTWARE in phar:///usr/local/bin/wp/php/WP_CLI/Runner.php(1020) : eval()'d code on line 77
[10-Jan-2018 03:02:27 UTC] PHP Warning:  A non-numeric value encountered in /app/public/wp-content/plugins/jnews-social-share/class.jnews-initial-counter.php on line 80
[10-Jan-2018 07:48:32 UTC] PHP Warning:  A non-numeric value encountered in /app/public/wp-content/plugins/jnews-social-share/class.jnews-initial-counter.php on line 80
[11-Jan-2018 03:24:11 UTC] PHP Notice:  Undefined index: SERVER_SOFTWARE in phar:///usr/local/bin/wp/php/WP_CLI/Runner.php(1020) : eval()'d code on line 77
[11-Jan-2018 03:24:11 UTC] PHP Notice:  Undefined index: SERVER_SOFTWARE in phar:///usr/local/bin/wp/php/WP_CLI/Runner.php(1020) : eval()'d code on line 77
[11-Jan-2018 03:24:13 UTC] PHP Notice:  Undefined index: SERVER_SOFTWARE in phar:///usr/local/bin/wp/php/WP_CLI/Runner.php(1020) : eval()'d code on line 77
[11-Jan-2018 03:24:13 UTC] PHP Notice:  Undefined index: SERVER_SOFTWARE in phar:///usr/local/bin/wp/php/WP_CLI/Runner.php(1020) : eval()'d code on line 77
[11-Jan-2018 05:40:54 UTC] PHP Warning:  A non-numeric value encountered in /app/public/wp-content/plugins/jnews-social-share/class.jnews-initial-counter.php on line 80
[12-Jan-2018 01:22:30 UTC] PHP Notice:  Undefined index: SERVER_SOFTWARE in phar:///usr/local/bin/wp/php/WP_CLI/Runner.php(1020) : eval()'d code on line 77
[12-Jan-2018 01:22:30 UTC] PHP Notice:  Undefined index: SERVER_SOFTWARE in phar:///usr/local/bin/wp/php/WP_CLI/Runner.php(1020) : eval()'d code on line 77
[12-Jan-2018 01:22:31 UTC] PHP Notice:  Undefined index: SERVER_SOFTWARE in phar:///usr/local/bin/wp/php/WP_CLI/Runner.php(1020) : eval()'d code on line 77
[12-Jan-2018 01:22:31 UTC] PHP Notice:  Undefined index: SERVER_SOFTWARE in phar:///usr/local/bin/wp/php/WP_CLI/Runner.php(1020) : eval()'d code on line 77
[12-Jan-2018 01:50:38 UTC] PHP Notice:  Undefined index: SERVER_SOFTWARE in phar:///usr/local/bin/wp/php/WP_CLI/Runner.php(1020) : eval()'d code on line 77
[12-Jan-2018 01:50:38 UTC] PHP Notice:  Undefined index: SERVER_SOFTWARE in phar:///usr/local/bin/wp/php/WP_CLI/Runner.php(1020) : eval()'d code on line 77
[12-Jan-2018 01:50:39 UTC] PHP Notice:  Undefined index: SERVER_SOFTWARE in phar:///usr/local/bin/wp/php/WP_CLI/Runner.php(1020) : eval()'d code on line 77
[12-Jan-2018 01:50:39 UTC] PHP Notice:  Undefined index: SERVER_SOFTWARE in phar:///usr/local/bin/wp/php/WP_CLI/Runner.php(1020) : eval()'d code on line 77
[12-Jan-2018 02:22:48 UTC] PHP Notice:  Undefined index: SERVER_SOFTWARE in phar:///usr/local/bin/wp/php/WP_CLI/Runner.php(1020) : eval()'d code on line 77
[12-Jan-2018 02:22:48 UTC] PHP Notice:  Undefined index: SERVER_SOFTWARE in phar:///usr/local/bin/wp/php/WP_CLI/Runner.php(1020) : eval()'d code on line 77
[12-Jan-2018 02:22:49 UTC] PHP Notice:  Undefined index: SERVER_SOFTWARE in phar:///usr/local/bin/wp/php/WP_CLI/Runner.php(1020) : eval()'d code on line 77
[12-Jan-2018 02:22:49 UTC] PHP Notice:  Undefined index: SERVER_SOFTWARE in phar:///usr/local/bin/wp/php/WP_CLI/Runner.php(1020) : eval()'d code on line 77
[12-Jan-2018 02:31:54 UTC] PHP Notice:  Undefined index: SERVER_SOFTWARE in phar:///usr/local/bin/wp/php/WP_CLI/Runner.php(1020) : eval()'d code on line 77
[12-Jan-2018 02:31:54 UTC] PHP Notice:  Undefined index: SERVER_SOFTWARE in phar:///usr/local/bin/wp/php/WP_CLI/Runner.php(1020) : eval()'d code on line 77
[12-Jan-2018 02:31:55 UTC] PHP Notice:  Undefined index: SERVER_SOFTWARE in phar:///usr/local/bin/wp/php/WP_CLI/Runner.php(1020) : eval()'d code on line 77
[12-Jan-2018 02:31:55 UTC] PHP Notice:  Undefined index: SERVER_SOFTWARE in phar:///usr/local/bin/wp/php/WP_CLI/Runner.php(1020) : eval()'d code on line 77
[12-Jan-2018 02:31:59 UTC] PHP Notice:  Undefined index: SERVER_SOFTWARE in phar:///usr/local/bin/wp/php/WP_CLI/Runner.php(1020) : eval()'d code on line 77
[12-Jan-2018 02:32:00 UTC] PHP Notice:  Undefined index: SERVER_SOFTWARE in phar:///usr/local/bin/wp/php/WP_CLI/Runner.php(1020) : eval()'d code on line 77
[12-Jan-2018 02:32:05 UTC] PHP Notice:  Undefined index: SERVER_SOFTWARE in phar:///usr/local/bin/wp/php/WP_CLI/Runner.php(1020) : eval()'d code on line 77
[12-Jan-2018 02:32:05 UTC] PHP Notice:  Undefined index: SERVER_SOFTWARE in phar:///usr/local/bin/wp/php/WP_CLI/Runner.php(1020) : eval()'d code on line 77
[12-Jan-2018 02:32:18 UTC] PHP Notice:  Undefined index: SERVER_SOFTWARE in phar:///usr/local/bin/wp/php/WP_CLI/Runner.php(1020) : eval()'d code on line 77
[12-Jan-2018 02:32:18 UTC] PHP Notice:  Undefined index: SERVER_SOFTWARE in phar:///usr/local/bin/wp/php/WP_CLI/Runner.php(1020) : eval()'d code on line 77
[12-Jan-2018 02:32:20 UTC] PHP Notice:  Undefined index: SERVER_SOFTWARE in phar:///usr/local/bin/wp/php/WP_CLI/Runner.php(1020) : eval()'d code on line 77
[12-Jan-2018 02:32:20 UTC] PHP Notice:  Undefined index: SERVER_SOFTWARE in phar:///usr/local/bin/wp/php/WP_CLI/Runner.php(1020) : eval()'d code on line 77
[12-Jan-2018 02:32:36 UTC] PHP Notice:  Undefined index: SERVER_SOFTWARE in phar:///usr/local/bin/wp/php/WP_CLI/Runner.php(1020) : eval()'d code on line 77
[12-Jan-2018 02:32:41 UTC] PHP Notice:  Undefined index: SERVER_SOFTWARE in phar:///usr/local/bin/wp/php/WP_CLI/Runner.php(1020) : eval()'d code on line 77
[12-Jan-2018 02:32:43 UTC] PHP Notice:  Undefined index: SERVER_SOFTWARE in phar:///usr/local/bin/wp/php/WP_CLI/Runner.php(1020) : eval()'d code on line 77
[12-Jan-2018 02:32:44 UTC] PHP Notice:  Undefined index: SERVER_SOFTWARE in phar:///usr/local/bin/wp/php/WP_CLI/Runner.php(1020) : eval()'d code on line 77
[12-Jan-2018 02:34:23 UTC] PHP Notice:  Undefined index: SERVER_SOFTWARE in phar:///usr/local/bin/wp/php/WP_CLI/Runner.php(1020) : eval()'d code on line 77
[12-Jan-2018 02:34:24 UTC] PHP Notice:  Undefined index: SERVER_SOFTWARE in phar:///usr/local/bin/wp/php/WP_CLI/Runner.php(1020) : eval()'d code on line 77
[12-Jan-2018 02:34:26 UTC] PHP Notice:  Undefined index: SERVER_SOFTWARE in phar:///usr/local/bin/wp/php/WP_CLI/Runner.php(1020) : eval()'d code on line 77
[12-Jan-2018 02:34:26 UTC] PHP Notice:  Undefined index: SERVER_SOFTWARE in phar:///usr/local/bin/wp/php/WP_CLI/Runner.php(1020) : eval()'d code on line 77
[12-Jan-2018 02:37:46 UTC] PHP Notice:  Undefined index: SERVER_SOFTWARE in phar:///usr/local/bin/wp/php/WP_CLI/Runner.php(1020) : eval()'d code on line 77
[12-Jan-2018 02:37:49 UTC] PHP Notice:  Undefined index: SERVER_SOFTWARE in phar:///usr/local/bin/wp/php/WP_CLI/Runner.php(1020) : eval()'d code on line 77
[12-Jan-2018 02:37:57 UTC] PHP Notice:  Undefined index: SERVER_SOFTWARE in phar:///usr/local/bin/wp/php/WP_CLI/Runner.php(1020) : eval()'d code on line 77
[12-Jan-2018 02:37:57 UTC] PHP Notice:  Undefined index: SERVER_SOFTWARE in phar:///usr/local/bin/wp/php/WP_CLI/Runner.php(1020) : eval()'d code on line 77
[12-Jan-2018 02:38:01 UTC] PHP Notice:  Undefined index: SERVER_SOFTWARE in phar:///usr/local/bin/wp/php/WP_CLI/Runner.php(1020) : eval()'d code on line 77
[12-Jan-2018 02:38:01 UTC] PHP Notice:  Undefined index: SERVER_SOFTWARE in phar:///usr/local/bin/wp/php/WP_CLI/Runner.php(1020) : eval()'d code on line 77
[12-Jan-2018 09:58:24 UTC] PHP Warning:  A non-numeric value encountered in /app/public/wp-content/plugins/jnews-social-share/class.jnews-initial-counter.php on line 80
[13-Jan-2018 02:02:01 UTC] PHP Notice:  Undefined index: SERVER_SOFTWARE in phar:///usr/local/bin/wp/php/WP_CLI/Runner.php(1020) : eval()'d code on line 77
[13-Jan-2018 02:02:01 UTC] PHP Notice:  Undefined index: SERVER_SOFTWARE in phar:///usr/local/bin/wp/php/WP_CLI/Runner.php(1020) : eval()'d code on line 77
[13-Jan-2018 02:02:02 UTC] PHP Notice:  Undefined index: SERVER_SOFTWARE in phar:///usr/local/bin/wp/php/WP_CLI/Runner.php(1020) : eval()'d code on line 77
[13-Jan-2018 02:02:02 UTC] PHP Notice:  Undefined index: SERVER_SOFTWARE in phar:///usr/local/bin/wp/php/WP_CLI/Runner.php(1020) : eval()'d code on line 77
[13-Jan-2018 02:02:14 UTC] PHP Notice:  Undefined index: SERVER_SOFTWARE in phar:///usr/local/bin/wp/php/WP_CLI/Runner.php(1020) : eval()'d code on line 77
[13-Jan-2018 02:02:15 UTC] PHP Notice:  Undefined index: SERVER_SOFTWARE in phar:///usr/local/bin/wp/php/WP_CLI/Runner.php(1020) : eval()'d code on line 77
[13-Jan-2018 02:02:24 UTC] PHP Notice:  Undefined index: SERVER_SOFTWARE in phar:///usr/local/bin/wp/php/WP_CLI/Runner.php(1020) : eval()'d code on line 77
[13-Jan-2018 02:02:25 UTC] PHP Notice:  Undefined index: SERVER_SOFTWARE in phar:///usr/local/bin/wp/php/WP_CLI/Runner.php(1020) : eval()'d code on line 77
[13-Jan-2018 02:48:47 UTC] PHP Warning:  A non-numeric value encountered in /app/public/wp-content/plugins/jnews-social-share/class.jnews-initial-counter.php on line 80
[18-Jan-2018 01:43:01 UTC] PHP Notice:  Undefined index: SERVER_SOFTWARE in phar:///usr/local/bin/wp/php/WP_CLI/Runner.php(1020) : eval()'d code on line 77
[18-Jan-2018 01:43:01 UTC] PHP Notice:  Undefined index: SERVER_SOFTWARE in phar:///usr/local/bin/wp/php/WP_CLI/Runner.php(1020) : eval()'d code on line 77
[18-Jan-2018 01:43:02 UTC] PHP Notice:  Undefined index: SERVER_SOFTWARE in phar:///usr/local/bin/wp/php/WP_CLI/Runner.php(1020) : eval()'d code on line 77
[18-Jan-2018 01:43:03 UTC] PHP Notice:  Undefined index: SERVER_SOFTWARE in phar:///usr/local/bin/wp/php/WP_CLI/Runner.php(1020) : eval()'d code on line 77
[03-Feb-2018 03:44:07 UTC] PHP Notice:  Undefined index: SERVER_SOFTWARE in phar:///usr/local/bin/wp/php/WP_CLI/Runner.php(1020) : eval()'d code on line 77
[03-Feb-2018 03:44:07 UTC] PHP Notice:  Undefined index: SERVER_SOFTWARE in phar:///usr/local/bin/wp/php/WP_CLI/Runner.php(1020) : eval()'d code on line 77
[03-Feb-2018 03:44:31 UTC] PHP Parse error:  syntax error, unexpected '<', expecting end of file in phar:///usr/local/bin/wp/vendor/rmccue/requests/library/Requests.php on line 212
[03-Feb-2018 03:44:31 UTC] PHP Parse error:  syntax error, unexpected '<', expecting end of file in phar:///usr/local/bin/wp/vendor/rmccue/requests/library/Requests.php on line 212
[03-Feb-2018 03:44:36 UTC] PHP Notice:  Undefined index: SERVER_SOFTWARE in phar:///usr/local/bin/wp/php/WP_CLI/Runner.php(1070) : eval()'d code on line 77
[03-Feb-2018 03:44:38 UTC] PHP Notice:  Undefined index: SERVER_SOFTWARE in phar:///usr/local/bin/wp/php/WP_CLI/Runner.php(1070) : eval()'d code on line 77
[03-Feb-2018 04:24:52 UTC] PHP Notice:  Undefined index: SERVER_SOFTWARE in phar:///usr/local/bin/wp/php/WP_CLI/Runner.php(1070) : eval()'d code on line 77
[03-Feb-2018 04:24:57 UTC] PHP Notice:  Undefined index: SERVER_SOFTWARE in phar:///usr/local/bin/wp/php/WP_CLI/Runner.php(1070) : eval()'d code on line 77
[03-Feb-2018 04:25:00 UTC] PHP Notice:  Undefined index: SERVER_SOFTWARE in phar:///usr/local/bin/wp/php/WP_CLI/Runner.php(1070) : eval()'d code on line 77
[03-Feb-2018 04:25:01 UTC] PHP Notice:  Undefined index: SERVER_SOFTWARE in phar:///usr/local/bin/wp/php/WP_CLI/Runner.php(1070) : eval()'d code on line 77
[04-Feb-2018 07:50:30 UTC] PHP Notice:  Undefined index: SERVER_SOFTWARE in phar:///usr/local/bin/wp/php/WP_CLI/Runner.php(1070) : eval()'d code on line 77
[04-Feb-2018 07:50:30 UTC] PHP Notice:  Undefined index: SERVER_SOFTWARE in phar:///usr/local/bin/wp/php/WP_CLI/Runner.php(1070) : eval()'d code on line 77
[04-Feb-2018 07:50:31 UTC] PHP Notice:  Undefined index: SERVER_SOFTWARE in phar:///usr/local/bin/wp/php/WP_CLI/Runner.php(1070) : eval()'d code on line 77
[04-Feb-2018 07:50:31 UTC] PHP Notice:  Undefined index: SERVER_SOFTWARE in phar:///usr/local/bin/wp/php/WP_CLI/Runner.php(1070) : eval()'d code on line 77
[07-Feb-2018 08:33:51 UTC] PHP Notice:  Undefined index: SERVER_SOFTWARE in phar:///usr/local/bin/wp/php/WP_CLI/Runner.php(1070) : eval()'d code on line 77
[07-Feb-2018 08:34:03 UTC] PHP Notice:  Undefined index: SERVER_SOFTWARE in phar:///usr/local/bin/wp/php/WP_CLI/Runner.php(1070) : eval()'d code on line 77
[19-Feb-2018 00:21:09 UTC] PHP Notice:  Undefined index: SERVER_SOFTWARE in phar:///usr/local/bin/wp/php/WP_CLI/Runner.php(1070) : eval()'d code on line 77
[19-Feb-2018 00:21:14 UTC] PHP Notice:  Undefined index: SERVER_SOFTWARE in phar:///usr/local/bin/wp/php/WP_CLI/Runner.php(1070) : eval()'d code on line 77
[19-Feb-2018 00:21:41 UTC] PHP Notice:  Undefined index: SERVER_SOFTWARE in phar:///usr/local/bin/wp/php/WP_CLI/Runner.php(1070) : eval()'d code on line 77
[19-Feb-2018 00:21:45 UTC] PHP Notice:  Undefined index: SERVER_SOFTWARE in phar:///usr/local/bin/wp/php/WP_CLI/Runner.php(1070) : eval()'d code on line 77
[19-Feb-2018 08:01:59 UTC] PHP Notice:  Undefined index: SERVER_SOFTWARE in phar:///usr/local/bin/wp/php/WP_CLI/Runner.php(1070) : eval()'d code on line 77
[19-Feb-2018 08:01:59 UTC] PHP Notice:  Undefined index: SERVER_SOFTWARE in phar:///usr/local/bin/wp/php/WP_CLI/Runner.php(1070) : eval()'d code on line 77
[19-Feb-2018 08:02:05 UTC] PHP Notice:  Undefined index: SERVER_SOFTWARE in phar:///usr/local/bin/wp/php/WP_CLI/Runner.php(1070) : eval()'d code on line 77
[19-Feb-2018 08:02:05 UTC] PHP Notice:  Undefined index: SERVER_SOFTWARE in phar:///usr/local/bin/wp/php/WP_CLI/Runner.php(1070) : eval()'d code on line 77
