[05-Jan-2018 07:57:14] NOTICE: fpm is running, pid 14
[05-Jan-2018 07:57:14] NOTICE: ready to handle connections
[05-Jan-2018 10:04:16] WARNING: [pool www] server reached pm.max_children setting (5), consider raising it
[05-Jan-2018 10:20:11] NOTICE: fpm is running, pid 8
[05-Jan-2018 10:20:11] NOTICE: ready to handle connections
[05-Jan-2018 10:23:02] NOTICE: fpm is running, pid 8
[05-Jan-2018 10:23:02] NOTICE: ready to handle connections
[06-Jan-2018 08:41:15] NOTICE: fpm is running, pid 8
[06-Jan-2018 08:41:15] NOTICE: ready to handle connections
[06-Jan-2018 08:58:17] NOTICE: fpm is running, pid 21
[06-Jan-2018 08:58:17] NOTICE: ready to handle connections
[06-Jan-2018 09:22:44] WARNING: [pool www] server reached pm.max_children setting (5), consider raising it
[06-Jan-2018 09:27:42] WARNING: [pool www] server reached pm.max_children setting (5), consider raising it
[06-Jan-2018 12:28:36] NOTICE: fpm is running, pid 8
[06-Jan-2018 12:28:36] NOTICE: ready to handle connections
[09-Jan-2018 02:09:12] NOTICE: fpm is running, pid 8
[09-Jan-2018 02:09:12] NOTICE: ready to handle connections
[09-Jan-2018 02:21:34] WARNING: [pool www] server reached pm.max_children setting (5), consider raising it
[09-Jan-2018 08:55:11] NOTICE: fpm is running, pid 8
[09-Jan-2018 08:55:11] NOTICE: ready to handle connections
[11-Jan-2018 03:18:10] NOTICE: fpm is running, pid 8
[11-Jan-2018 03:18:10] NOTICE: ready to handle connections
[12-Jan-2018 01:21:19] NOTICE: fpm is running, pid 8
[12-Jan-2018 01:21:19] NOTICE: ready to handle connections
[12-Jan-2018 02:07:17] WARNING: [pool www] server reached pm.max_children setting (5), consider raising it
[12-Jan-2018 02:37:36] NOTICE: fpm is running, pid 24
[12-Jan-2018 02:37:36] NOTICE: ready to handle connections
[12-Jan-2018 11:42:36] NOTICE: fpm is running, pid 8
[12-Jan-2018 11:42:36] NOTICE: ready to handle connections
[13-Jan-2018 02:02:31] WARNING: [pool www] server reached pm.max_children setting (5), consider raising it
[13-Jan-2018 02:41:03] NOTICE: fpm is running, pid 8
[13-Jan-2018 02:41:03] NOTICE: ready to handle connections
[13-Jan-2018 02:46:53] WARNING: [pool www] server reached pm.max_children setting (5), consider raising it
[14-Jan-2018 04:18:19] NOTICE: fpm is running, pid 8
[14-Jan-2018 04:18:19] NOTICE: ready to handle connections
[15-Jan-2018 02:45:30] NOTICE: fpm is running, pid 8
[15-Jan-2018 02:45:30] NOTICE: ready to handle connections
[16-Jan-2018 06:13:28] NOTICE: fpm is running, pid 8
[16-Jan-2018 06:13:28] NOTICE: ready to handle connections
[17-Jan-2018 08:11:27] NOTICE: fpm is running, pid 8
[17-Jan-2018 08:11:27] NOTICE: ready to handle connections
[18-Jan-2018 06:37:24] NOTICE: fpm is running, pid 8
[18-Jan-2018 06:37:24] NOTICE: ready to handle connections
[19-Jan-2018 22:46:46] NOTICE: fpm is running, pid 8
[19-Jan-2018 22:46:46] NOTICE: ready to handle connections
[20-Jan-2018 06:33:27] NOTICE: fpm is running, pid 8
[20-Jan-2018 06:33:27] NOTICE: ready to handle connections
[22-Jan-2018 07:40:06] NOTICE: fpm is running, pid 8
[22-Jan-2018 07:40:06] NOTICE: ready to handle connections
[24-Jan-2018 05:14:28] NOTICE: fpm is running, pid 10
[24-Jan-2018 05:14:28] NOTICE: ready to handle connections
[03-Feb-2018 03:30:33] NOTICE: fpm is running, pid 8
[03-Feb-2018 03:30:33] NOTICE: ready to handle connections
[03-Feb-2018 03:42:29] WARNING: [pool www] server reached pm.max_children setting (5), consider raising it
[03-Feb-2018 03:55:17] NOTICE: fpm is running, pid 8
[03-Feb-2018 03:55:17] NOTICE: ready to handle connections
[04-Feb-2018 07:48:55] NOTICE: fpm is running, pid 8
[04-Feb-2018 07:48:55] NOTICE: ready to handle connections
[04-Feb-2018 07:50:38] WARNING: [pool www] server reached pm.max_children setting (5), consider raising it
[05-Feb-2018 00:31:55] NOTICE: fpm is running, pid 8
[05-Feb-2018 00:31:55] NOTICE: ready to handle connections
[06-Feb-2018 10:55:02] NOTICE: fpm is running, pid 8
[06-Feb-2018 10:55:02] NOTICE: ready to handle connections
[07-Feb-2018 08:31:58] NOTICE: fpm is running, pid 12
[07-Feb-2018 08:31:58] NOTICE: ready to handle connections
[19-Feb-2018 00:10:08] NOTICE: fpm is running, pid 8
[19-Feb-2018 00:10:08] NOTICE: ready to handle connections
[19-Feb-2018 00:16:14] WARNING: [pool www] server reached pm.max_children setting (5), consider raising it
[19-Feb-2018 08:01:42] NOTICE: fpm is running, pid 8
[19-Feb-2018 08:01:42] NOTICE: ready to handle connections
[20-Feb-2018 01:27:47] WARNING: [pool www] server reached pm.max_children setting (5), consider raising it
