2018-01-05 07:57:14 22 [Warning] Using unique option prefix myisam-recover instead of myisam-recover-options is deprecated and will be removed in a future release. Please use the full name instead.
2018-01-05 07:57:14 22 [Note] Plugin 'FEDERATED' is disabled.
2018-01-05 07:57:14 22 [Note] InnoDB: Using atomics to ref count buffer pool pages
2018-01-05 07:57:14 22 [Note] InnoDB: The InnoDB memory heap is disabled
2018-01-05 07:57:14 22 [Note] InnoDB: Mutexes and rw_locks use GCC atomic builtins
2018-01-05 07:57:14 22 [Note] InnoDB: Memory barrier is not used
2018-01-05 07:57:14 22 [Note] InnoDB: Compressed tables use zlib 1.2.3
2018-01-05 07:57:14 22 [Note] InnoDB: Using Linux native AIO
2018-01-05 07:57:14 22 [Note] InnoDB: Using CPU crc32 instructions
2018-01-05 07:57:14 22 [Note] InnoDB: Initializing buffer pool, size = 8.0M
2018-01-05 07:57:14 22 [Note] InnoDB: Completed initialization of buffer pool
2018-01-05 07:57:14 22 [Note] InnoDB: Highest supported file format is Barracuda.
2018-01-05 07:57:14 22 [Note] InnoDB: The log sequence numbers 1625987 and 1625987 in ibdata files do not match the log sequence number 1625997 in the ib_logfiles!
2018-01-05 07:57:14 22 [Note] InnoDB: Database was not shutdown normally!
2018-01-05 07:57:14 22 [Note] InnoDB: Starting crash recovery.
2018-01-05 07:57:14 22 [Note] InnoDB: Reading tablespace information from the .ibd files...
2018-01-05 07:57:14 22 [Note] InnoDB: Restoring possible half-written data pages 
2018-01-05 07:57:14 22 [Note] InnoDB: from the doublewrite buffer...
2018-01-05 07:57:15 22 [Note] InnoDB: 128 rollback segment(s) are active.
2018-01-05 07:57:15 22 [Note] InnoDB: Waiting for purge to start
2018-01-05 07:57:15 22 [Note] InnoDB: 5.6.37 started; log sequence number 1625997
2018-01-05 07:57:15 22 [Note] Server hostname (bind-address): '*'; port: 3306
2018-01-05 07:57:15 22 [Note] IPv6 is available.
2018-01-05 07:57:15 22 [Note]   - '::' resolves to '::';
2018-01-05 07:57:15 22 [Note] Server socket created on IP: '::'.
2018-01-05 07:57:15 22 [ERROR] /usr/sbin/mysqld: Table './mysql/user' is marked as crashed and should be repaired
2018-01-05 07:57:15 22 [Warning] Checking table:   './mysql/user'
2018-01-05 07:57:15 22 [ERROR] 1 client is using or hasn't closed the table properly
2018-01-05 07:57:15 22 [Warning] 'user' entry 'root@e24d0b5cccc1' ignored in --skip-name-resolve mode.
2018-01-05 07:57:15 22 [Warning] 'user' entry '@e24d0b5cccc1' ignored in --skip-name-resolve mode.
2018-01-05 07:57:15 22 [Warning] 'proxies_priv' entry '@ root@e24d0b5cccc1' ignored in --skip-name-resolve mode.
2018-01-05 07:57:15 22 [Note] Event Scheduler: Loaded 0 events
2018-01-05 07:57:15 22 [Note] /usr/sbin/mysqld: ready for connections.
Version: '5.6.37'  socket: '/var/run/mysqld/mysqld.sock'  port: 3306  MySQL Community Server (GPL)
2018-01-05 10:20:11 21 [Warning] Using unique option prefix myisam-recover instead of myisam-recover-options is deprecated and will be removed in a future release. Please use the full name instead.
2018-01-05 10:20:11 21 [Note] Plugin 'FEDERATED' is disabled.
2018-01-05 10:20:11 21 [Note] InnoDB: Using atomics to ref count buffer pool pages
2018-01-05 10:20:11 21 [Note] InnoDB: The InnoDB memory heap is disabled
2018-01-05 10:20:11 21 [Note] InnoDB: Mutexes and rw_locks use GCC atomic builtins
2018-01-05 10:20:11 21 [Note] InnoDB: Memory barrier is not used
2018-01-05 10:20:11 21 [Note] InnoDB: Compressed tables use zlib 1.2.3
2018-01-05 10:20:11 21 [Note] InnoDB: Using Linux native AIO
2018-01-05 10:20:11 21 [Note] InnoDB: Using CPU crc32 instructions
2018-01-05 10:20:11 21 [Note] InnoDB: Initializing buffer pool, size = 8.0M
2018-01-05 10:20:11 21 [Note] InnoDB: Completed initialization of buffer pool
2018-01-05 10:20:11 21 [Note] InnoDB: Highest supported file format is Barracuda.
2018-01-05 10:20:11 21 [Note] InnoDB: The log sequence numbers 1625987 and 1625987 in ibdata files do not match the log sequence number 8590073 in the ib_logfiles!
2018-01-05 10:20:11 21 [Note] InnoDB: Database was not shutdown normally!
2018-01-05 10:20:11 21 [Note] InnoDB: Starting crash recovery.
2018-01-05 10:20:11 21 [Note] InnoDB: Reading tablespace information from the .ibd files...
2018-01-05 10:20:11 21 [Note] InnoDB: Restoring possible half-written data pages 
2018-01-05 10:20:11 21 [Note] InnoDB: from the doublewrite buffer...
2018-01-05 10:20:12 21 [Note] InnoDB: 128 rollback segment(s) are active.
2018-01-05 10:20:12 21 [Note] InnoDB: Waiting for purge to start
2018-01-05 10:20:12 21 [Note] InnoDB: 5.6.37 started; log sequence number 8590073
2018-01-05 10:20:12 21 [Note] Server hostname (bind-address): '*'; port: 3306
2018-01-05 10:20:12 21 [Note] IPv6 is available.
2018-01-05 10:20:12 21 [Note]   - '::' resolves to '::';
2018-01-05 10:20:12 21 [Note] Server socket created on IP: '::'.
2018-01-05 10:20:12 21 [Warning] 'user' entry 'root@e24d0b5cccc1' ignored in --skip-name-resolve mode.
2018-01-05 10:20:12 21 [Warning] 'user' entry '@e24d0b5cccc1' ignored in --skip-name-resolve mode.
2018-01-05 10:20:12 21 [Warning] 'proxies_priv' entry '@ root@e24d0b5cccc1' ignored in --skip-name-resolve mode.
2018-01-05 10:20:12 21 [Note] Event Scheduler: Loaded 0 events
2018-01-05 10:20:12 21 [Note] /usr/sbin/mysqld: ready for connections.
Version: '5.6.37'  socket: '/var/run/mysqld/mysqld.sock'  port: 3306  MySQL Community Server (GPL)
2018-01-05 10:23:02 23 [Warning] Using unique option prefix myisam-recover instead of myisam-recover-options is deprecated and will be removed in a future release. Please use the full name instead.
2018-01-05 10:23:02 23 [Note] Plugin 'FEDERATED' is disabled.
2018-01-05 10:23:02 23 [Note] InnoDB: Using atomics to ref count buffer pool pages
2018-01-05 10:23:02 23 [Note] InnoDB: The InnoDB memory heap is disabled
2018-01-05 10:23:02 23 [Note] InnoDB: Mutexes and rw_locks use GCC atomic builtins
2018-01-05 10:23:02 23 [Note] InnoDB: Memory barrier is not used
2018-01-05 10:23:02 23 [Note] InnoDB: Compressed tables use zlib 1.2.3
2018-01-05 10:23:02 23 [Note] InnoDB: Using Linux native AIO
2018-01-05 10:23:02 23 [Note] InnoDB: Using CPU crc32 instructions
2018-01-05 10:23:02 23 [Note] InnoDB: Initializing buffer pool, size = 8.0M
2018-01-05 10:23:02 23 [Note] InnoDB: Completed initialization of buffer pool
2018-01-05 10:23:02 23 [Note] InnoDB: Highest supported file format is Barracuda.
2018-01-05 10:23:02 23 [Note] InnoDB: Log scan progressed past the checkpoint lsn 8592021
2018-01-05 10:23:02 23 [Note] InnoDB: Database was not shutdown normally!
2018-01-05 10:23:02 23 [Note] InnoDB: Starting crash recovery.
2018-01-05 10:23:02 23 [Note] InnoDB: Reading tablespace information from the .ibd files...
2018-01-05 10:23:02 23 [Note] InnoDB: Restoring possible half-written data pages 
2018-01-05 10:23:02 23 [Note] InnoDB: from the doublewrite buffer...
InnoDB: Doing recovery: scanned up to log sequence number 8592031
2018-01-05 10:23:03 23 [Note] InnoDB: 128 rollback segment(s) are active.
2018-01-05 10:23:03 23 [Note] InnoDB: Waiting for purge to start
2018-01-05 10:23:03 23 [Note] InnoDB: 5.6.37 started; log sequence number 8592031
2018-01-05 10:23:03 23 [Note] Server hostname (bind-address): '*'; port: 3306
2018-01-05 10:23:03 23 [Note] IPv6 is available.
2018-01-05 10:23:03 23 [Note]   - '::' resolves to '::';
2018-01-05 10:23:03 23 [Note] Server socket created on IP: '::'.
2018-01-05 10:23:03 23 [Warning] 'user' entry 'root@e24d0b5cccc1' ignored in --skip-name-resolve mode.
2018-01-05 10:23:03 23 [Warning] 'user' entry '@e24d0b5cccc1' ignored in --skip-name-resolve mode.
2018-01-05 10:23:03 23 [Warning] 'proxies_priv' entry '@ root@e24d0b5cccc1' ignored in --skip-name-resolve mode.
2018-01-05 10:23:03 23 [Note] Event Scheduler: Loaded 0 events
2018-01-05 10:23:03 23 [Note] /usr/sbin/mysqld: ready for connections.
Version: '5.6.37'  socket: '/var/run/mysqld/mysqld.sock'  port: 3306  MySQL Community Server (GPL)
2018-01-06 08:41:16 21 [Warning] Using unique option prefix myisam-recover instead of myisam-recover-options is deprecated and will be removed in a future release. Please use the full name instead.
2018-01-06 08:41:16 21 [Note] Plugin 'FEDERATED' is disabled.
2018-01-06 08:41:16 21 [Note] InnoDB: Using atomics to ref count buffer pool pages
2018-01-06 08:41:16 21 [Note] InnoDB: The InnoDB memory heap is disabled
2018-01-06 08:41:16 21 [Note] InnoDB: Mutexes and rw_locks use GCC atomic builtins
2018-01-06 08:41:16 21 [Note] InnoDB: Memory barrier is not used
2018-01-06 08:41:16 21 [Note] InnoDB: Compressed tables use zlib 1.2.3
2018-01-06 08:41:16 21 [Note] InnoDB: Using Linux native AIO
2018-01-06 08:41:16 21 [Note] InnoDB: Using CPU crc32 instructions
2018-01-06 08:41:16 21 [Note] InnoDB: Initializing buffer pool, size = 8.0M
2018-01-06 08:41:16 21 [Note] InnoDB: Completed initialization of buffer pool
2018-01-06 08:41:16 21 [Note] InnoDB: Highest supported file format is Barracuda.
2018-01-06 08:41:16 21 [Note] InnoDB: The log sequence numbers 1625987 and 1625987 in ibdata files do not match the log sequence number 8598752 in the ib_logfiles!
2018-01-06 08:41:16 21 [Note] InnoDB: Database was not shutdown normally!
2018-01-06 08:41:16 21 [Note] InnoDB: Starting crash recovery.
2018-01-06 08:41:16 21 [Note] InnoDB: Reading tablespace information from the .ibd files...
2018-01-06 08:41:16 21 [Note] InnoDB: Restoring possible half-written data pages 
2018-01-06 08:41:16 21 [Note] InnoDB: from the doublewrite buffer...
2018-01-06 08:41:16 21 [Note] InnoDB: 128 rollback segment(s) are active.
2018-01-06 08:41:16 21 [Note] InnoDB: Waiting for purge to start
2018-01-06 08:41:16 21 [Note] InnoDB: 5.6.37 started; log sequence number 8598752
2018-01-06 08:41:16 21 [Note] Server hostname (bind-address): '*'; port: 3306
2018-01-06 08:41:16 21 [Note] IPv6 is available.
2018-01-06 08:41:16 21 [Note]   - '::' resolves to '::';
2018-01-06 08:41:16 21 [Note] Server socket created on IP: '::'.
2018-01-06 08:41:16 21 [Warning] 'user' entry 'root@e24d0b5cccc1' ignored in --skip-name-resolve mode.
2018-01-06 08:41:16 21 [Warning] 'user' entry '@e24d0b5cccc1' ignored in --skip-name-resolve mode.
2018-01-06 08:41:16 21 [Warning] 'proxies_priv' entry '@ root@e24d0b5cccc1' ignored in --skip-name-resolve mode.
2018-01-06 08:41:16 21 [Note] Event Scheduler: Loaded 0 events
2018-01-06 08:41:16 21 [Note] /usr/sbin/mysqld: ready for connections.
Version: '5.6.37'  socket: '/var/run/mysqld/mysqld.sock'  port: 3306  MySQL Community Server (GPL)
2018-01-06 08:58:17 42 [Warning] Using unique option prefix myisam-recover instead of myisam-recover-options is deprecated and will be removed in a future release. Please use the full name instead.
2018-01-06 08:58:17 42 [Note] Plugin 'FEDERATED' is disabled.
2018-01-06 08:58:17 42 [Note] InnoDB: Using atomics to ref count buffer pool pages
2018-01-06 08:58:17 42 [Note] InnoDB: The InnoDB memory heap is disabled
2018-01-06 08:58:17 42 [Note] InnoDB: Mutexes and rw_locks use GCC atomic builtins
2018-01-06 08:58:17 42 [Note] InnoDB: Memory barrier is not used
2018-01-06 08:58:17 42 [Note] InnoDB: Compressed tables use zlib 1.2.3
2018-01-06 08:58:17 42 [Note] InnoDB: Using Linux native AIO
2018-01-06 08:58:17 42 [Note] InnoDB: Using CPU crc32 instructions
2018-01-06 08:58:17 42 [Note] InnoDB: Initializing buffer pool, size = 8.0M
2018-01-06 08:58:17 42 [Note] InnoDB: Completed initialization of buffer pool
2018-01-06 08:58:17 42 [Note] InnoDB: Highest supported file format is Barracuda.
2018-01-06 08:58:17 42 [Note] InnoDB: The log sequence numbers 1625987 and 1625987 in ibdata files do not match the log sequence number 9256616 in the ib_logfiles!
2018-01-06 08:58:17 42 [Note] InnoDB: Database was not shutdown normally!
2018-01-06 08:58:17 42 [Note] InnoDB: Starting crash recovery.
2018-01-06 08:58:17 42 [Note] InnoDB: Reading tablespace information from the .ibd files...
2018-01-06 08:58:17 42 [Note] InnoDB: Restoring possible half-written data pages 
2018-01-06 08:58:17 42 [Note] InnoDB: from the doublewrite buffer...
2018-01-06 08:58:17 42 [Note] InnoDB: 128 rollback segment(s) are active.
2018-01-06 08:58:17 42 [Note] InnoDB: Waiting for purge to start
2018-01-06 08:58:17 42 [Note] InnoDB: 5.6.37 started; log sequence number 9256616
2018-01-06 08:58:17 42 [Note] Server hostname (bind-address): '*'; port: 3306
2018-01-06 08:58:17 42 [Note] IPv6 is available.
2018-01-06 08:58:17 42 [Note]   - '::' resolves to '::';
2018-01-06 08:58:17 42 [Note] Server socket created on IP: '::'.
2018-01-06 08:58:17 42 [Warning] 'user' entry 'root@e24d0b5cccc1' ignored in --skip-name-resolve mode.
2018-01-06 08:58:17 42 [Warning] 'user' entry '@e24d0b5cccc1' ignored in --skip-name-resolve mode.
2018-01-06 08:58:17 42 [Warning] 'proxies_priv' entry '@ root@e24d0b5cccc1' ignored in --skip-name-resolve mode.
2018-01-06 08:58:17 42 [Note] Event Scheduler: Loaded 0 events
2018-01-06 08:58:17 42 [Note] /usr/sbin/mysqld: ready for connections.
Version: '5.6.37'  socket: '/var/run/mysqld/mysqld.sock'  port: 3306  MySQL Community Server (GPL)
2018-01-06 12:28:36 21 [Warning] Using unique option prefix myisam-recover instead of myisam-recover-options is deprecated and will be removed in a future release. Please use the full name instead.
2018-01-06 12:28:36 21 [Note] Plugin 'FEDERATED' is disabled.
2018-01-06 12:28:36 21 [Note] InnoDB: Using atomics to ref count buffer pool pages
2018-01-06 12:28:36 21 [Note] InnoDB: The InnoDB memory heap is disabled
2018-01-06 12:28:36 21 [Note] InnoDB: Mutexes and rw_locks use GCC atomic builtins
2018-01-06 12:28:36 21 [Note] InnoDB: Memory barrier is not used
2018-01-06 12:28:36 21 [Note] InnoDB: Compressed tables use zlib 1.2.3
2018-01-06 12:28:36 21 [Note] InnoDB: Using Linux native AIO
2018-01-06 12:28:36 21 [Note] InnoDB: Using CPU crc32 instructions
2018-01-06 12:28:36 21 [Note] InnoDB: Initializing buffer pool, size = 8.0M
2018-01-06 12:28:36 21 [Note] InnoDB: Completed initialization of buffer pool
2018-01-06 12:28:36 21 [Note] InnoDB: Highest supported file format is Barracuda.
2018-01-06 12:28:36 21 [Note] InnoDB: The log sequence numbers 1625987 and 1625987 in ibdata files do not match the log sequence number 10540698 in the ib_logfiles!
2018-01-06 12:28:36 21 [Note] InnoDB: Database was not shutdown normally!
2018-01-06 12:28:36 21 [Note] InnoDB: Starting crash recovery.
2018-01-06 12:28:36 21 [Note] InnoDB: Reading tablespace information from the .ibd files...
2018-01-06 12:28:36 21 [Note] InnoDB: Restoring possible half-written data pages 
2018-01-06 12:28:36 21 [Note] InnoDB: from the doublewrite buffer...
2018-01-06 12:28:36 21 [Note] InnoDB: 128 rollback segment(s) are active.
2018-01-06 12:28:36 21 [Note] InnoDB: Waiting for purge to start
2018-01-06 12:28:36 21 [Note] InnoDB: 5.6.37 started; log sequence number 10540698
2018-01-06 12:28:36 21 [Note] Server hostname (bind-address): '*'; port: 3306
2018-01-06 12:28:36 21 [Note] IPv6 is available.
2018-01-06 12:28:36 21 [Note]   - '::' resolves to '::';
2018-01-06 12:28:36 21 [Note] Server socket created on IP: '::'.
2018-01-06 12:28:36 21 [Warning] 'user' entry 'root@e24d0b5cccc1' ignored in --skip-name-resolve mode.
2018-01-06 12:28:36 21 [Warning] 'user' entry '@e24d0b5cccc1' ignored in --skip-name-resolve mode.
2018-01-06 12:28:36 21 [Warning] 'proxies_priv' entry '@ root@e24d0b5cccc1' ignored in --skip-name-resolve mode.
2018-01-06 12:28:37 21 [Note] Event Scheduler: Loaded 0 events
2018-01-06 12:28:37 21 [Note] /usr/sbin/mysqld: ready for connections.
Version: '5.6.37'  socket: '/var/run/mysqld/mysqld.sock'  port: 3306  MySQL Community Server (GPL)
2018-01-09 02:09:12 21 [Warning] Using unique option prefix myisam-recover instead of myisam-recover-options is deprecated and will be removed in a future release. Please use the full name instead.
2018-01-09 02:09:12 21 [Note] Plugin 'FEDERATED' is disabled.
2018-01-09 02:09:12 21 [Note] InnoDB: Using atomics to ref count buffer pool pages
2018-01-09 02:09:12 21 [Note] InnoDB: The InnoDB memory heap is disabled
2018-01-09 02:09:12 21 [Note] InnoDB: Mutexes and rw_locks use GCC atomic builtins
2018-01-09 02:09:12 21 [Note] InnoDB: Memory barrier is not used
2018-01-09 02:09:12 21 [Note] InnoDB: Compressed tables use zlib 1.2.3
2018-01-09 02:09:12 21 [Note] InnoDB: Using Linux native AIO
2018-01-09 02:09:12 21 [Note] InnoDB: Using CPU crc32 instructions
2018-01-09 02:09:12 21 [Note] InnoDB: Initializing buffer pool, size = 8.0M
2018-01-09 02:09:12 21 [Note] InnoDB: Completed initialization of buffer pool
2018-01-09 02:09:12 21 [Note] InnoDB: Highest supported file format is Barracuda.
2018-01-09 02:09:12 21 [Note] InnoDB: The log sequence numbers 1625987 and 1625987 in ibdata files do not match the log sequence number 13211485 in the ib_logfiles!
2018-01-09 02:09:12 21 [Note] InnoDB: Database was not shutdown normally!
2018-01-09 02:09:12 21 [Note] InnoDB: Starting crash recovery.
2018-01-09 02:09:12 21 [Note] InnoDB: Reading tablespace information from the .ibd files...
2018-01-09 02:09:12 21 [Note] InnoDB: Restoring possible half-written data pages 
2018-01-09 02:09:12 21 [Note] InnoDB: from the doublewrite buffer...
2018-01-09 02:09:13 21 [Note] InnoDB: 128 rollback segment(s) are active.
2018-01-09 02:09:13 21 [Note] InnoDB: Waiting for purge to start
2018-01-09 02:09:13 21 [Note] InnoDB: 5.6.37 started; log sequence number 13211485
2018-01-09 02:09:13 21 [Note] Server hostname (bind-address): '*'; port: 3306
2018-01-09 02:09:13 21 [Note] IPv6 is available.
2018-01-09 02:09:13 21 [Note]   - '::' resolves to '::';
2018-01-09 02:09:13 21 [Note] Server socket created on IP: '::'.
2018-01-09 02:09:13 21 [Warning] 'user' entry 'root@e24d0b5cccc1' ignored in --skip-name-resolve mode.
2018-01-09 02:09:13 21 [Warning] 'user' entry '@e24d0b5cccc1' ignored in --skip-name-resolve mode.
2018-01-09 02:09:13 21 [Warning] 'proxies_priv' entry '@ root@e24d0b5cccc1' ignored in --skip-name-resolve mode.
2018-01-09 02:09:13 21 [Note] Event Scheduler: Loaded 0 events
2018-01-09 02:09:13 21 [Note] /usr/sbin/mysqld: ready for connections.
Version: '5.6.37'  socket: '/var/run/mysqld/mysqld.sock'  port: 3306  MySQL Community Server (GPL)
2018-01-09 08:55:11 22 [Warning] Using unique option prefix myisam-recover instead of myisam-recover-options is deprecated and will be removed in a future release. Please use the full name instead.
2018-01-09 08:55:11 22 [Note] Plugin 'FEDERATED' is disabled.
2018-01-09 08:55:11 22 [Note] InnoDB: Using atomics to ref count buffer pool pages
2018-01-09 08:55:11 22 [Note] InnoDB: The InnoDB memory heap is disabled
2018-01-09 08:55:11 22 [Note] InnoDB: Mutexes and rw_locks use GCC atomic builtins
2018-01-09 08:55:11 22 [Note] InnoDB: Memory barrier is not used
2018-01-09 08:55:11 22 [Note] InnoDB: Compressed tables use zlib 1.2.3
2018-01-09 08:55:11 22 [Note] InnoDB: Using Linux native AIO
2018-01-09 08:55:11 22 [Note] InnoDB: Using CPU crc32 instructions
2018-01-09 08:55:11 22 [Note] InnoDB: Initializing buffer pool, size = 8.0M
2018-01-09 08:55:11 22 [Note] InnoDB: Completed initialization of buffer pool
2018-01-09 08:55:11 22 [Note] InnoDB: Highest supported file format is Barracuda.
2018-01-09 08:55:11 22 [Note] InnoDB: The log sequence numbers 1625987 and 1625987 in ibdata files do not match the log sequence number 14082370 in the ib_logfiles!
2018-01-09 08:55:11 22 [Note] InnoDB: Database was not shutdown normally!
2018-01-09 08:55:11 22 [Note] InnoDB: Starting crash recovery.
2018-01-09 08:55:11 22 [Note] InnoDB: Reading tablespace information from the .ibd files...
2018-01-09 08:55:11 22 [Note] InnoDB: Restoring possible half-written data pages 
2018-01-09 08:55:11 22 [Note] InnoDB: from the doublewrite buffer...
2018-01-09 08:55:12 22 [Note] InnoDB: 128 rollback segment(s) are active.
2018-01-09 08:55:12 22 [Note] InnoDB: Waiting for purge to start
2018-01-09 08:55:12 22 [Note] InnoDB: 5.6.37 started; log sequence number 14082370
2018-01-09 08:55:12 22 [Note] Server hostname (bind-address): '*'; port: 3306
2018-01-09 08:55:12 22 [Note] IPv6 is available.
2018-01-09 08:55:12 22 [Note]   - '::' resolves to '::';
2018-01-09 08:55:12 22 [Note] Server socket created on IP: '::'.
2018-01-09 08:55:12 22 [Warning] 'user' entry 'root@e24d0b5cccc1' ignored in --skip-name-resolve mode.
2018-01-09 08:55:12 22 [Warning] 'user' entry '@e24d0b5cccc1' ignored in --skip-name-resolve mode.
2018-01-09 08:55:12 22 [Warning] 'proxies_priv' entry '@ root@e24d0b5cccc1' ignored in --skip-name-resolve mode.
2018-01-09 08:55:12 22 [Note] Event Scheduler: Loaded 0 events
2018-01-09 11:22:38 22 [Note] /usr/sbin/mysqld: ready for connections.
Version: '5.6.37'  socket: '/var/run/mysqld/mysqld.sock'  port: 3306  MySQL Community Server (GPL)
2018-01-11 03:18:11 19 [Warning] Using unique option prefix myisam-recover instead of myisam-recover-options is deprecated and will be removed in a future release. Please use the full name instead.
2018-01-11 03:18:11 19 [Note] Plugin 'FEDERATED' is disabled.
2018-01-11 03:18:11 19 [Note] InnoDB: Using atomics to ref count buffer pool pages
2018-01-11 03:18:11 19 [Note] InnoDB: The InnoDB memory heap is disabled
2018-01-11 03:18:11 19 [Note] InnoDB: Mutexes and rw_locks use GCC atomic builtins
2018-01-11 03:18:11 19 [Note] InnoDB: Memory barrier is not used
2018-01-11 03:18:11 19 [Note] InnoDB: Compressed tables use zlib 1.2.3
2018-01-11 03:18:11 19 [Note] InnoDB: Using Linux native AIO
2018-01-11 03:18:11 19 [Note] InnoDB: Using CPU crc32 instructions
2018-01-11 03:18:11 19 [Note] InnoDB: Initializing buffer pool, size = 8.0M
2018-01-11 03:18:11 19 [Note] InnoDB: Completed initialization of buffer pool
2018-01-11 03:18:11 19 [Note] InnoDB: Highest supported file format is Barracuda.
2018-01-11 03:18:11 19 [Note] InnoDB: The log sequence numbers 1625987 and 1625987 in ibdata files do not match the log sequence number 18107135 in the ib_logfiles!
2018-01-11 03:18:11 19 [Note] InnoDB: Database was not shutdown normally!
2018-01-11 03:18:11 19 [Note] InnoDB: Starting crash recovery.
2018-01-11 03:18:11 19 [Note] InnoDB: Reading tablespace information from the .ibd files...
2018-01-11 03:18:11 19 [Note] InnoDB: Restoring possible half-written data pages 
2018-01-11 03:18:11 19 [Note] InnoDB: from the doublewrite buffer...
2018-01-11 03:18:11 19 [Note] InnoDB: 128 rollback segment(s) are active.
2018-01-11 03:18:11 19 [Note] InnoDB: Waiting for purge to start
2018-01-11 03:18:11 19 [Note] InnoDB: 5.6.37 started; log sequence number 18107135
2018-01-11 03:18:12 19 [Note] Server hostname (bind-address): '*'; port: 3306
2018-01-11 03:18:12 19 [Note] IPv6 is available.
2018-01-11 03:18:12 19 [Note]   - '::' resolves to '::';
2018-01-11 03:18:12 19 [Note] Server socket created on IP: '::'.
2018-01-11 03:18:12 19 [Warning] 'user' entry 'root@e24d0b5cccc1' ignored in --skip-name-resolve mode.
2018-01-11 03:18:12 19 [Warning] 'user' entry '@e24d0b5cccc1' ignored in --skip-name-resolve mode.
2018-01-11 03:18:12 19 [Warning] 'proxies_priv' entry '@ root@e24d0b5cccc1' ignored in --skip-name-resolve mode.
2018-01-11 03:18:12 19 [Note] Event Scheduler: Loaded 0 events
2018-01-11 03:18:12 19 [Note] /usr/sbin/mysqld: ready for connections.
Version: '5.6.37'  socket: '/var/run/mysqld/mysqld.sock'  port: 3306  MySQL Community Server (GPL)
2018-01-12 01:21:20 19 [Warning] Using unique option prefix myisam-recover instead of myisam-recover-options is deprecated and will be removed in a future release. Please use the full name instead.
2018-01-12 01:21:20 19 [Note] Plugin 'FEDERATED' is disabled.
2018-01-12 01:21:20 19 [Note] InnoDB: Using atomics to ref count buffer pool pages
2018-01-12 01:21:20 19 [Note] InnoDB: The InnoDB memory heap is disabled
2018-01-12 01:21:20 19 [Note] InnoDB: Mutexes and rw_locks use GCC atomic builtins
2018-01-12 01:21:20 19 [Note] InnoDB: Memory barrier is not used
2018-01-12 01:21:20 19 [Note] InnoDB: Compressed tables use zlib 1.2.3
2018-01-12 01:21:20 19 [Note] InnoDB: Using Linux native AIO
2018-01-12 01:21:20 19 [Note] InnoDB: Using CPU crc32 instructions
2018-01-12 01:21:20 19 [Note] InnoDB: Initializing buffer pool, size = 8.0M
2018-01-12 01:21:20 19 [Note] InnoDB: Completed initialization of buffer pool
2018-01-12 01:21:20 19 [Note] InnoDB: Highest supported file format is Barracuda.
2018-01-12 01:21:20 19 [Note] InnoDB: The log sequence numbers 1625987 and 1625987 in ibdata files do not match the log sequence number 19461480 in the ib_logfiles!
2018-01-12 01:21:20 19 [Note] InnoDB: Database was not shutdown normally!
2018-01-12 01:21:20 19 [Note] InnoDB: Starting crash recovery.
2018-01-12 01:21:20 19 [Note] InnoDB: Reading tablespace information from the .ibd files...
2018-01-12 01:21:20 19 [Note] InnoDB: Restoring possible half-written data pages 
2018-01-12 01:21:20 19 [Note] InnoDB: from the doublewrite buffer...
2018-01-12 01:21:20 19 [Note] InnoDB: 128 rollback segment(s) are active.
2018-01-12 01:21:20 19 [Note] InnoDB: Waiting for purge to start
2018-01-12 01:21:20 19 [Note] InnoDB: 5.6.37 started; log sequence number 19461480
2018-01-12 01:21:20 19 [Note] Server hostname (bind-address): '*'; port: 3306
2018-01-12 01:21:20 19 [Note] IPv6 is available.
2018-01-12 01:21:20 19 [Note]   - '::' resolves to '::';
2018-01-12 01:21:20 19 [Note] Server socket created on IP: '::'.
2018-01-12 01:21:20 19 [Warning] 'user' entry 'root@e24d0b5cccc1' ignored in --skip-name-resolve mode.
2018-01-12 01:21:20 19 [Warning] 'user' entry '@e24d0b5cccc1' ignored in --skip-name-resolve mode.
2018-01-12 01:21:20 19 [Warning] 'proxies_priv' entry '@ root@e24d0b5cccc1' ignored in --skip-name-resolve mode.
2018-01-12 01:21:20 19 [Note] Event Scheduler: Loaded 0 events
2018-01-12 01:21:20 19 [Note] /usr/sbin/mysqld: ready for connections.
Version: '5.6.37'  socket: '/var/run/mysqld/mysqld.sock'  port: 3306  MySQL Community Server (GPL)
2018-01-12 02:37:38 42 [Warning] Using unique option prefix myisam-recover instead of myisam-recover-options is deprecated and will be removed in a future release. Please use the full name instead.
2018-01-12 02:37:38 42 [Note] Plugin 'FEDERATED' is disabled.
2018-01-12 02:37:38 42 [Note] InnoDB: Using atomics to ref count buffer pool pages
2018-01-12 02:37:38 42 [Note] InnoDB: The InnoDB memory heap is disabled
2018-01-12 02:37:38 42 [Note] InnoDB: Mutexes and rw_locks use GCC atomic builtins
2018-01-12 02:37:38 42 [Note] InnoDB: Memory barrier is not used
2018-01-12 02:37:38 42 [Note] InnoDB: Compressed tables use zlib 1.2.3
2018-01-12 02:37:38 42 [Note] InnoDB: Using Linux native AIO
2018-01-12 02:37:38 42 [Note] InnoDB: Using CPU crc32 instructions
2018-01-12 02:37:38 42 [Note] InnoDB: Initializing buffer pool, size = 8.0M
2018-01-12 02:37:38 42 [Note] InnoDB: Completed initialization of buffer pool
2018-01-12 02:37:38 42 [Note] InnoDB: Highest supported file format is Barracuda.
2018-01-12 02:37:38 42 [Note] InnoDB: The log sequence numbers 1625987 and 1625987 in ibdata files do not match the log sequence number 1625997 in the ib_logfiles!
2018-01-12 02:37:38 42 [Note] InnoDB: Database was not shutdown normally!
2018-01-12 02:37:38 42 [Note] InnoDB: Starting crash recovery.
2018-01-12 02:37:38 42 [Note] InnoDB: Reading tablespace information from the .ibd files...
2018-01-12 02:37:38 42 [Note] InnoDB: Restoring possible half-written data pages 
2018-01-12 02:37:38 42 [Note] InnoDB: from the doublewrite buffer...
2018-01-12 02:37:39 42 [Note] InnoDB: 128 rollback segment(s) are active.
2018-01-12 02:37:39 42 [Note] InnoDB: Waiting for purge to start
2018-01-12 02:37:39 42 [Note] InnoDB: 5.6.37 started; log sequence number 1625997
2018-01-12 02:37:39 42 [Note] Server hostname (bind-address): '*'; port: 3306
2018-01-12 02:37:39 42 [Note] IPv6 is available.
2018-01-12 02:37:39 42 [Note]   - '::' resolves to '::';
2018-01-12 02:37:39 42 [Note] Server socket created on IP: '::'.
2018-01-12 02:37:39 42 [ERROR] /usr/sbin/mysqld: Table './mysql/user' is marked as crashed and should be repaired
2018-01-12 02:37:39 42 [Warning] Checking table:   './mysql/user'
2018-01-12 02:37:39 42 [ERROR] 1 client is using or hasn't closed the table properly
2018-01-12 02:37:39 42 [Warning] 'user' entry 'root@e24d0b5cccc1' ignored in --skip-name-resolve mode.
2018-01-12 02:37:39 42 [Warning] 'user' entry '@e24d0b5cccc1' ignored in --skip-name-resolve mode.
2018-01-12 02:37:39 42 [Warning] 'proxies_priv' entry '@ root@e24d0b5cccc1' ignored in --skip-name-resolve mode.
2018-01-12 02:37:39 42 [Note] Event Scheduler: Loaded 0 events
2018-01-12 02:37:39 42 [Note] /usr/sbin/mysqld: ready for connections.
Version: '5.6.37'  socket: '/var/run/mysqld/mysqld.sock'  port: 3306  MySQL Community Server (GPL)
2018-01-12 11:42:36 19 [Warning] Using unique option prefix myisam-recover instead of myisam-recover-options is deprecated and will be removed in a future release. Please use the full name instead.
2018-01-12 11:42:36 19 [Note] Plugin 'FEDERATED' is disabled.
2018-01-12 11:42:36 19 [Note] InnoDB: Using atomics to ref count buffer pool pages
2018-01-12 11:42:36 19 [Note] InnoDB: The InnoDB memory heap is disabled
2018-01-12 11:42:36 19 [Note] InnoDB: Mutexes and rw_locks use GCC atomic builtins
2018-01-12 11:42:36 19 [Note] InnoDB: Memory barrier is not used
2018-01-12 11:42:36 19 [Note] InnoDB: Compressed tables use zlib 1.2.3
2018-01-12 11:42:36 19 [Note] InnoDB: Using Linux native AIO
2018-01-12 11:42:36 19 [Note] InnoDB: Using CPU crc32 instructions
2018-01-12 11:42:36 19 [Note] InnoDB: Initializing buffer pool, size = 8.0M
2018-01-12 11:42:36 19 [Note] InnoDB: Completed initialization of buffer pool
2018-01-12 11:42:36 19 [Note] InnoDB: Highest supported file format is Barracuda.
2018-01-12 11:42:36 19 [Note] InnoDB: The log sequence numbers 1625987 and 1625987 in ibdata files do not match the log sequence number 6165896 in the ib_logfiles!
2018-01-12 11:42:36 19 [Note] InnoDB: Database was not shutdown normally!
2018-01-12 11:42:36 19 [Note] InnoDB: Starting crash recovery.
2018-01-12 11:42:36 19 [Note] InnoDB: Reading tablespace information from the .ibd files...
2018-01-12 11:42:36 19 [Note] InnoDB: Restoring possible half-written data pages 
2018-01-12 11:42:36 19 [Note] InnoDB: from the doublewrite buffer...
2018-01-12 11:42:37 19 [Note] InnoDB: 128 rollback segment(s) are active.
2018-01-12 11:42:37 19 [Note] InnoDB: Waiting for purge to start
2018-01-12 11:42:37 19 [Note] InnoDB: 5.6.37 started; log sequence number 6165896
2018-01-12 11:42:37 19 [Note] Server hostname (bind-address): '*'; port: 3306
2018-01-12 11:42:37 19 [Note] IPv6 is available.
2018-01-12 11:42:37 19 [Note]   - '::' resolves to '::';
2018-01-12 11:42:37 19 [Note] Server socket created on IP: '::'.
2018-01-12 11:42:37 19 [Warning] 'user' entry 'root@e24d0b5cccc1' ignored in --skip-name-resolve mode.
2018-01-12 11:42:37 19 [Warning] 'user' entry '@e24d0b5cccc1' ignored in --skip-name-resolve mode.
2018-01-12 11:42:37 19 [Warning] 'proxies_priv' entry '@ root@e24d0b5cccc1' ignored in --skip-name-resolve mode.
2018-01-12 11:42:37 19 [Note] Event Scheduler: Loaded 0 events
2018-01-12 11:42:37 19 [Note] /usr/sbin/mysqld: ready for connections.
Version: '5.6.37'  socket: '/var/run/mysqld/mysqld.sock'  port: 3306  MySQL Community Server (GPL)
2018-01-13 02:41:03 21 [Warning] Using unique option prefix myisam-recover instead of myisam-recover-options is deprecated and will be removed in a future release. Please use the full name instead.
2018-01-13 02:41:03 21 [Note] Plugin 'FEDERATED' is disabled.
2018-01-13 02:41:03 21 [Note] InnoDB: Using atomics to ref count buffer pool pages
2018-01-13 02:41:03 21 [Note] InnoDB: The InnoDB memory heap is disabled
2018-01-13 02:41:03 21 [Note] InnoDB: Mutexes and rw_locks use GCC atomic builtins
2018-01-13 02:41:03 21 [Note] InnoDB: Memory barrier is not used
2018-01-13 02:41:03 21 [Note] InnoDB: Compressed tables use zlib 1.2.3
2018-01-13 02:41:03 21 [Note] InnoDB: Using Linux native AIO
2018-01-13 02:41:03 21 [Note] InnoDB: Using CPU crc32 instructions
2018-01-13 02:41:03 21 [Note] InnoDB: Initializing buffer pool, size = 8.0M
2018-01-13 02:41:03 21 [Note] InnoDB: Completed initialization of buffer pool
2018-01-13 02:41:03 21 [Note] InnoDB: Highest supported file format is Barracuda.
2018-01-13 02:41:03 21 [Note] InnoDB: The log sequence numbers 1625987 and 1625987 in ibdata files do not match the log sequence number 6431529 in the ib_logfiles!
2018-01-13 02:41:03 21 [Note] InnoDB: Database was not shutdown normally!
2018-01-13 02:41:03 21 [Note] InnoDB: Starting crash recovery.
2018-01-13 02:41:03 21 [Note] InnoDB: Reading tablespace information from the .ibd files...
2018-01-13 02:41:03 21 [Note] InnoDB: Restoring possible half-written data pages 
2018-01-13 02:41:03 21 [Note] InnoDB: from the doublewrite buffer...
2018-01-13 02:41:04 21 [Note] InnoDB: 128 rollback segment(s) are active.
2018-01-13 02:41:04 21 [Note] InnoDB: Waiting for purge to start
2018-01-13 02:41:04 21 [Note] InnoDB: 5.6.37 started; log sequence number 6431529
2018-01-13 02:41:04 21 [Note] Server hostname (bind-address): '*'; port: 3306
2018-01-13 02:41:04 21 [Note] IPv6 is available.
2018-01-13 02:41:04 21 [Note]   - '::' resolves to '::';
2018-01-13 02:41:04 21 [Note] Server socket created on IP: '::'.
2018-01-13 02:41:04 21 [Warning] 'user' entry 'root@e24d0b5cccc1' ignored in --skip-name-resolve mode.
2018-01-13 02:41:04 21 [Warning] 'user' entry '@e24d0b5cccc1' ignored in --skip-name-resolve mode.
2018-01-13 02:41:04 21 [Warning] 'proxies_priv' entry '@ root@e24d0b5cccc1' ignored in --skip-name-resolve mode.
2018-01-13 02:41:04 21 [Note] Event Scheduler: Loaded 0 events
2018-01-13 02:41:04 21 [Note] /usr/sbin/mysqld: ready for connections.
Version: '5.6.37'  socket: '/var/run/mysqld/mysqld.sock'  port: 3306  MySQL Community Server (GPL)
2018-01-14 04:18:19 21 [Warning] Using unique option prefix myisam-recover instead of myisam-recover-options is deprecated and will be removed in a future release. Please use the full name instead.
2018-01-14 04:18:19 21 [Note] Plugin 'FEDERATED' is disabled.
2018-01-14 04:18:19 21 [Note] InnoDB: Using atomics to ref count buffer pool pages
2018-01-14 04:18:19 21 [Note] InnoDB: The InnoDB memory heap is disabled
2018-01-14 04:18:19 21 [Note] InnoDB: Mutexes and rw_locks use GCC atomic builtins
2018-01-14 04:18:19 21 [Note] InnoDB: Memory barrier is not used
2018-01-14 04:18:19 21 [Note] InnoDB: Compressed tables use zlib 1.2.3
2018-01-14 04:18:19 21 [Note] InnoDB: Using Linux native AIO
2018-01-14 04:18:19 21 [Note] InnoDB: Using CPU crc32 instructions
2018-01-14 04:18:19 21 [Note] InnoDB: Initializing buffer pool, size = 8.0M
2018-01-14 04:18:19 21 [Note] InnoDB: Completed initialization of buffer pool
2018-01-14 04:18:19 21 [Note] InnoDB: Highest supported file format is Barracuda.
2018-01-14 04:18:19 21 [Note] InnoDB: The log sequence numbers 1625987 and 1625987 in ibdata files do not match the log sequence number 6979282 in the ib_logfiles!
2018-01-14 04:18:19 21 [Note] InnoDB: Database was not shutdown normally!
2018-01-14 04:18:19 21 [Note] InnoDB: Starting crash recovery.
2018-01-14 04:18:19 21 [Note] InnoDB: Reading tablespace information from the .ibd files...
2018-01-14 04:18:19 21 [Note] InnoDB: Restoring possible half-written data pages 
2018-01-14 04:18:19 21 [Note] InnoDB: from the doublewrite buffer...
2018-01-14 04:18:20 21 [Note] InnoDB: 128 rollback segment(s) are active.
2018-01-14 04:18:20 21 [Note] InnoDB: Waiting for purge to start
2018-01-14 04:18:20 21 [Note] InnoDB: 5.6.37 started; log sequence number 6979282
2018-01-14 04:18:20 21 [Note] Server hostname (bind-address): '*'; port: 3306
2018-01-14 04:18:20 21 [Note] IPv6 is available.
2018-01-14 04:18:20 21 [Note]   - '::' resolves to '::';
2018-01-14 04:18:20 21 [Note] Server socket created on IP: '::'.
2018-01-14 04:18:20 21 [Warning] 'user' entry 'root@e24d0b5cccc1' ignored in --skip-name-resolve mode.
2018-01-14 04:18:20 21 [Warning] 'user' entry '@e24d0b5cccc1' ignored in --skip-name-resolve mode.
2018-01-14 04:18:20 21 [Warning] 'proxies_priv' entry '@ root@e24d0b5cccc1' ignored in --skip-name-resolve mode.
2018-01-14 04:18:20 21 [Note] Event Scheduler: Loaded 0 events
2018-01-14 04:18:20 21 [Note] /usr/sbin/mysqld: ready for connections.
Version: '5.6.37'  socket: '/var/run/mysqld/mysqld.sock'  port: 3306  MySQL Community Server (GPL)
2018-01-15 02:45:30 19 [Warning] Using unique option prefix myisam-recover instead of myisam-recover-options is deprecated and will be removed in a future release. Please use the full name instead.
2018-01-15 02:45:30 19 [Note] Plugin 'FEDERATED' is disabled.
2018-01-15 02:45:30 19 [Note] InnoDB: Using atomics to ref count buffer pool pages
2018-01-15 02:45:30 19 [Note] InnoDB: The InnoDB memory heap is disabled
2018-01-15 02:45:30 19 [Note] InnoDB: Mutexes and rw_locks use GCC atomic builtins
2018-01-15 02:45:30 19 [Note] InnoDB: Memory barrier is not used
2018-01-15 02:45:30 19 [Note] InnoDB: Compressed tables use zlib 1.2.3
2018-01-15 02:45:30 19 [Note] InnoDB: Using Linux native AIO
2018-01-15 02:45:30 19 [Note] InnoDB: Using CPU crc32 instructions
2018-01-15 02:45:30 19 [Note] InnoDB: Initializing buffer pool, size = 8.0M
2018-01-15 02:45:30 19 [Note] InnoDB: Completed initialization of buffer pool
2018-01-15 02:45:30 19 [Note] InnoDB: Highest supported file format is Barracuda.
2018-01-15 02:45:30 19 [Note] InnoDB: The log sequence numbers 1625987 and 1625987 in ibdata files do not match the log sequence number 6979292 in the ib_logfiles!
2018-01-15 02:45:30 19 [Note] InnoDB: Database was not shutdown normally!
2018-01-15 02:45:30 19 [Note] InnoDB: Starting crash recovery.
2018-01-15 02:45:30 19 [Note] InnoDB: Reading tablespace information from the .ibd files...
2018-01-15 02:45:30 19 [Note] InnoDB: Restoring possible half-written data pages 
2018-01-15 02:45:30 19 [Note] InnoDB: from the doublewrite buffer...
2018-01-15 02:45:31 19 [Note] InnoDB: 128 rollback segment(s) are active.
2018-01-15 02:45:31 19 [Note] InnoDB: Waiting for purge to start
2018-01-15 02:45:31 19 [Note] InnoDB: 5.6.37 started; log sequence number 6979292
2018-01-15 02:45:31 19 [Note] Server hostname (bind-address): '*'; port: 3306
2018-01-15 02:45:31 19 [Note] IPv6 is available.
2018-01-15 02:45:31 19 [Note]   - '::' resolves to '::';
2018-01-15 02:45:31 19 [Note] Server socket created on IP: '::'.
2018-01-15 02:45:31 19 [Warning] 'user' entry 'root@e24d0b5cccc1' ignored in --skip-name-resolve mode.
2018-01-15 02:45:31 19 [Warning] 'user' entry '@e24d0b5cccc1' ignored in --skip-name-resolve mode.
2018-01-15 02:45:31 19 [Warning] 'proxies_priv' entry '@ root@e24d0b5cccc1' ignored in --skip-name-resolve mode.
2018-01-15 02:45:31 19 [Note] Event Scheduler: Loaded 0 events
2018-01-15 02:45:31 19 [Note] /usr/sbin/mysqld: ready for connections.
Version: '5.6.37'  socket: '/var/run/mysqld/mysqld.sock'  port: 3306  MySQL Community Server (GPL)
2018-01-16 06:13:30 21 [Warning] Using unique option prefix myisam-recover instead of myisam-recover-options is deprecated and will be removed in a future release. Please use the full name instead.
2018-01-16 06:13:30 21 [Note] Plugin 'FEDERATED' is disabled.
2018-01-16 06:13:30 21 [Note] InnoDB: Using atomics to ref count buffer pool pages
2018-01-16 06:13:30 21 [Note] InnoDB: The InnoDB memory heap is disabled
2018-01-16 06:13:30 21 [Note] InnoDB: Mutexes and rw_locks use GCC atomic builtins
2018-01-16 06:13:30 21 [Note] InnoDB: Memory barrier is not used
2018-01-16 06:13:30 21 [Note] InnoDB: Compressed tables use zlib 1.2.3
2018-01-16 06:13:30 21 [Note] InnoDB: Using Linux native AIO
2018-01-16 06:13:30 21 [Note] InnoDB: Using CPU crc32 instructions
2018-01-16 06:13:30 21 [Note] InnoDB: Initializing buffer pool, size = 8.0M
2018-01-16 06:13:30 21 [Note] InnoDB: Completed initialization of buffer pool
2018-01-16 06:13:30 21 [Note] InnoDB: Highest supported file format is Barracuda.
2018-01-16 06:13:30 21 [Note] InnoDB: The log sequence numbers 1625987 and 1625987 in ibdata files do not match the log sequence number 6979302 in the ib_logfiles!
2018-01-16 06:13:30 21 [Note] InnoDB: Database was not shutdown normally!
2018-01-16 06:13:30 21 [Note] InnoDB: Starting crash recovery.
2018-01-16 06:13:30 21 [Note] InnoDB: Reading tablespace information from the .ibd files...
2018-01-16 06:13:30 21 [Note] InnoDB: Restoring possible half-written data pages 
2018-01-16 06:13:30 21 [Note] InnoDB: from the doublewrite buffer...
2018-01-16 06:13:30 21 [Note] InnoDB: 128 rollback segment(s) are active.
2018-01-16 06:13:30 21 [Note] InnoDB: Waiting for purge to start
2018-01-16 06:13:30 21 [Note] InnoDB: 5.6.37 started; log sequence number 6979302
2018-01-16 06:13:31 21 [Note] Server hostname (bind-address): '*'; port: 3306
2018-01-16 06:13:31 21 [Note] IPv6 is available.
2018-01-16 06:13:31 21 [Note]   - '::' resolves to '::';
2018-01-16 06:13:31 21 [Note] Server socket created on IP: '::'.
2018-01-16 06:13:31 21 [Warning] 'user' entry 'root@e24d0b5cccc1' ignored in --skip-name-resolve mode.
2018-01-16 06:13:31 21 [Warning] 'user' entry '@e24d0b5cccc1' ignored in --skip-name-resolve mode.
2018-01-16 06:13:31 21 [Warning] 'proxies_priv' entry '@ root@e24d0b5cccc1' ignored in --skip-name-resolve mode.
2018-01-16 06:13:31 21 [Note] Event Scheduler: Loaded 0 events
2018-01-16 06:13:31 21 [Note] /usr/sbin/mysqld: ready for connections.
Version: '5.6.37'  socket: '/var/run/mysqld/mysqld.sock'  port: 3306  MySQL Community Server (GPL)
2018-01-17 08:11:27 19 [Warning] Using unique option prefix myisam-recover instead of myisam-recover-options is deprecated and will be removed in a future release. Please use the full name instead.
2018-01-17 08:11:27 19 [Note] Plugin 'FEDERATED' is disabled.
2018-01-17 08:11:27 19 [Note] InnoDB: Using atomics to ref count buffer pool pages
2018-01-17 08:11:27 19 [Note] InnoDB: The InnoDB memory heap is disabled
2018-01-17 08:11:27 19 [Note] InnoDB: Mutexes and rw_locks use GCC atomic builtins
2018-01-17 08:11:27 19 [Note] InnoDB: Memory barrier is not used
2018-01-17 08:11:27 19 [Note] InnoDB: Compressed tables use zlib 1.2.3
2018-01-17 08:11:27 19 [Note] InnoDB: Using Linux native AIO
2018-01-17 08:11:27 19 [Note] InnoDB: Using CPU crc32 instructions
2018-01-17 08:11:27 19 [Note] InnoDB: Initializing buffer pool, size = 8.0M
2018-01-17 08:11:27 19 [Note] InnoDB: Completed initialization of buffer pool
2018-01-17 08:11:27 19 [Note] InnoDB: Highest supported file format is Barracuda.
2018-01-17 08:11:27 19 [Note] InnoDB: The log sequence numbers 1625987 and 1625987 in ibdata files do not match the log sequence number 6979312 in the ib_logfiles!
2018-01-17 08:11:27 19 [Note] InnoDB: Database was not shutdown normally!
2018-01-17 08:11:27 19 [Note] InnoDB: Starting crash recovery.
2018-01-17 08:11:27 19 [Note] InnoDB: Reading tablespace information from the .ibd files...
2018-01-17 08:11:27 19 [Note] InnoDB: Restoring possible half-written data pages 
2018-01-17 08:11:27 19 [Note] InnoDB: from the doublewrite buffer...
2018-01-17 08:11:28 19 [Note] InnoDB: 128 rollback segment(s) are active.
2018-01-17 08:11:28 19 [Note] InnoDB: Waiting for purge to start
2018-01-17 08:11:28 19 [Note] InnoDB: 5.6.37 started; log sequence number 6979312
2018-01-17 08:11:28 19 [Note] Server hostname (bind-address): '*'; port: 3306
2018-01-17 08:11:28 19 [Note] IPv6 is available.
2018-01-17 08:11:28 19 [Note]   - '::' resolves to '::';
2018-01-17 08:11:28 19 [Note] Server socket created on IP: '::'.
2018-01-17 08:11:28 19 [Warning] 'user' entry 'root@e24d0b5cccc1' ignored in --skip-name-resolve mode.
2018-01-17 08:11:28 19 [Warning] 'user' entry '@e24d0b5cccc1' ignored in --skip-name-resolve mode.
2018-01-17 08:11:28 19 [Warning] 'proxies_priv' entry '@ root@e24d0b5cccc1' ignored in --skip-name-resolve mode.
2018-01-17 08:11:28 19 [Note] Event Scheduler: Loaded 0 events
2018-01-17 08:11:28 19 [Note] /usr/sbin/mysqld: ready for connections.
Version: '5.6.37'  socket: '/var/run/mysqld/mysqld.sock'  port: 3306  MySQL Community Server (GPL)
2018-01-18 06:37:28 28 [Warning] Using unique option prefix myisam-recover instead of myisam-recover-options is deprecated and will be removed in a future release. Please use the full name instead.
2018-01-18 06:37:28 28 [Note] Plugin 'FEDERATED' is disabled.
2018-01-18 06:37:28 28 [Note] InnoDB: Using atomics to ref count buffer pool pages
2018-01-18 06:37:30 28 [Note] InnoDB: The InnoDB memory heap is disabled
2018-01-18 06:37:30 28 [Note] InnoDB: Mutexes and rw_locks use GCC atomic builtins
2018-01-18 06:37:30 28 [Note] InnoDB: Memory barrier is not used
2018-01-18 06:37:30 28 [Note] InnoDB: Compressed tables use zlib 1.2.3
2018-01-18 06:37:30 28 [Note] InnoDB: Using Linux native AIO
2018-01-18 06:37:30 28 [Note] InnoDB: Using CPU crc32 instructions
2018-01-18 06:37:30 28 [Note] InnoDB: Initializing buffer pool, size = 8.0M
2018-01-18 06:37:30 28 [Note] InnoDB: Completed initialization of buffer pool
2018-01-18 06:37:30 28 [Note] InnoDB: Highest supported file format is Barracuda.
2018-01-18 06:37:30 28 [Note] InnoDB: The log sequence numbers 1625987 and 1625987 in ibdata files do not match the log sequence number 7043744 in the ib_logfiles!
2018-01-18 06:37:30 28 [Note] InnoDB: Database was not shutdown normally!
2018-01-18 06:37:30 28 [Note] InnoDB: Starting crash recovery.
2018-01-18 06:37:30 28 [Note] InnoDB: Reading tablespace information from the .ibd files...
2018-01-18 06:37:30 28 [Note] InnoDB: Restoring possible half-written data pages 
2018-01-18 06:37:30 28 [Note] InnoDB: from the doublewrite buffer...
2018-01-18 06:37:31 28 [Note] InnoDB: 128 rollback segment(s) are active.
2018-01-18 06:37:31 28 [Note] InnoDB: Waiting for purge to start
2018-01-18 06:37:31 28 [Note] InnoDB: 5.6.37 started; log sequence number 7043744
2018-01-18 06:37:31 28 [Note] Server hostname (bind-address): '*'; port: 3306
2018-01-18 06:37:31 28 [Note] IPv6 is available.
2018-01-18 06:37:31 28 [Note]   - '::' resolves to '::';
2018-01-18 06:37:31 28 [Note] Server socket created on IP: '::'.
2018-01-18 06:37:31 28 [Warning] 'user' entry 'root@e24d0b5cccc1' ignored in --skip-name-resolve mode.
2018-01-18 06:37:31 28 [Warning] 'user' entry '@e24d0b5cccc1' ignored in --skip-name-resolve mode.
2018-01-18 06:37:31 28 [Warning] 'proxies_priv' entry '@ root@e24d0b5cccc1' ignored in --skip-name-resolve mode.
2018-01-18 06:37:31 28 [Note] Event Scheduler: Loaded 0 events
2018-01-18 06:37:31 28 [Note] /usr/sbin/mysqld: ready for connections.
Version: '5.6.37'  socket: '/var/run/mysqld/mysqld.sock'  port: 3306  MySQL Community Server (GPL)
2018-01-19 22:46:47 18 [Warning] Using unique option prefix myisam-recover instead of myisam-recover-options is deprecated and will be removed in a future release. Please use the full name instead.
2018-01-19 22:46:47 18 [Note] Plugin 'FEDERATED' is disabled.
2018-01-19 22:46:47 18 [Note] InnoDB: Using atomics to ref count buffer pool pages
2018-01-19 22:46:47 18 [Note] InnoDB: The InnoDB memory heap is disabled
2018-01-19 22:46:47 18 [Note] InnoDB: Mutexes and rw_locks use GCC atomic builtins
2018-01-19 22:46:47 18 [Note] InnoDB: Memory barrier is not used
2018-01-19 22:46:47 18 [Note] InnoDB: Compressed tables use zlib 1.2.3
2018-01-19 22:46:47 18 [Note] InnoDB: Using Linux native AIO
2018-01-19 22:46:47 18 [Note] InnoDB: Using CPU crc32 instructions
2018-01-19 22:46:47 18 [Note] InnoDB: Initializing buffer pool, size = 8.0M
2018-01-19 22:46:47 18 [Note] InnoDB: Completed initialization of buffer pool
2018-01-19 22:46:47 18 [Note] InnoDB: Highest supported file format is Barracuda.
2018-01-19 22:46:47 18 [Note] InnoDB: The log sequence numbers 1625987 and 1625987 in ibdata files do not match the log sequence number 7043788 in the ib_logfiles!
2018-01-19 22:46:47 18 [Note] InnoDB: Database was not shutdown normally!
2018-01-19 22:46:47 18 [Note] InnoDB: Starting crash recovery.
2018-01-19 22:46:47 18 [Note] InnoDB: Reading tablespace information from the .ibd files...
2018-01-19 22:46:47 18 [Note] InnoDB: Restoring possible half-written data pages 
2018-01-19 22:46:47 18 [Note] InnoDB: from the doublewrite buffer...
2018-01-19 22:46:48 18 [Note] InnoDB: 128 rollback segment(s) are active.
2018-01-19 22:46:48 18 [Note] InnoDB: Waiting for purge to start
2018-01-19 22:46:48 18 [Note] InnoDB: 5.6.37 started; log sequence number 7043788
2018-01-19 22:46:48 18 [Note] Server hostname (bind-address): '*'; port: 3306
2018-01-19 22:46:48 18 [Note] IPv6 is available.
2018-01-19 22:46:48 18 [Note]   - '::' resolves to '::';
2018-01-19 22:46:48 18 [Note] Server socket created on IP: '::'.
2018-01-19 22:46:48 18 [Warning] 'user' entry 'root@e24d0b5cccc1' ignored in --skip-name-resolve mode.
2018-01-19 22:46:48 18 [Warning] 'user' entry '@e24d0b5cccc1' ignored in --skip-name-resolve mode.
2018-01-19 22:46:48 18 [Warning] 'proxies_priv' entry '@ root@e24d0b5cccc1' ignored in --skip-name-resolve mode.
2018-01-19 22:46:49 18 [Note] Event Scheduler: Loaded 0 events
2018-01-19 22:46:49 18 [Note] /usr/sbin/mysqld: ready for connections.
Version: '5.6.37'  socket: '/var/run/mysqld/mysqld.sock'  port: 3306  MySQL Community Server (GPL)
2018-01-20 06:33:27 19 [Warning] Using unique option prefix myisam-recover instead of myisam-recover-options is deprecated and will be removed in a future release. Please use the full name instead.
2018-01-20 06:33:27 19 [Note] Plugin 'FEDERATED' is disabled.
2018-01-20 06:33:27 19 [Note] InnoDB: Using atomics to ref count buffer pool pages
2018-01-20 06:33:27 19 [Note] InnoDB: The InnoDB memory heap is disabled
2018-01-20 06:33:27 19 [Note] InnoDB: Mutexes and rw_locks use GCC atomic builtins
2018-01-20 06:33:27 19 [Note] InnoDB: Memory barrier is not used
2018-01-20 06:33:27 19 [Note] InnoDB: Compressed tables use zlib 1.2.3
2018-01-20 06:33:27 19 [Note] InnoDB: Using Linux native AIO
2018-01-20 06:33:27 19 [Note] InnoDB: Using CPU crc32 instructions
2018-01-20 06:33:27 19 [Note] InnoDB: Initializing buffer pool, size = 8.0M
2018-01-20 06:33:27 19 [Note] InnoDB: Completed initialization of buffer pool
2018-01-20 06:33:27 19 [Note] InnoDB: Highest supported file format is Barracuda.
2018-01-20 06:33:27 19 [Note] InnoDB: The log sequence numbers 1625987 and 1625987 in ibdata files do not match the log sequence number 7043798 in the ib_logfiles!
2018-01-20 06:33:27 19 [Note] InnoDB: Database was not shutdown normally!
2018-01-20 06:33:27 19 [Note] InnoDB: Starting crash recovery.
2018-01-20 06:33:27 19 [Note] InnoDB: Reading tablespace information from the .ibd files...
2018-01-20 06:33:27 19 [Note] InnoDB: Restoring possible half-written data pages 
2018-01-20 06:33:27 19 [Note] InnoDB: from the doublewrite buffer...
2018-01-20 06:33:28 19 [Note] InnoDB: 128 rollback segment(s) are active.
2018-01-20 06:33:28 19 [Note] InnoDB: Waiting for purge to start
2018-01-20 06:33:28 19 [Note] InnoDB: 5.6.37 started; log sequence number 7043798
2018-01-20 06:33:28 19 [Note] Server hostname (bind-address): '*'; port: 3306
2018-01-20 06:33:28 19 [Note] IPv6 is available.
2018-01-20 06:33:28 19 [Note]   - '::' resolves to '::';
2018-01-20 06:33:28 19 [Note] Server socket created on IP: '::'.
2018-01-20 06:33:28 19 [Warning] 'user' entry 'root@e24d0b5cccc1' ignored in --skip-name-resolve mode.
2018-01-20 06:33:28 19 [Warning] 'user' entry '@e24d0b5cccc1' ignored in --skip-name-resolve mode.
2018-01-20 06:33:28 19 [Warning] 'proxies_priv' entry '@ root@e24d0b5cccc1' ignored in --skip-name-resolve mode.
2018-01-20 06:33:28 19 [Note] Event Scheduler: Loaded 0 events
2018-01-20 06:33:28 19 [Note] /usr/sbin/mysqld: ready for connections.
Version: '5.6.37'  socket: '/var/run/mysqld/mysqld.sock'  port: 3306  MySQL Community Server (GPL)
2018-01-22 07:40:10 246 [Warning] Using unique option prefix myisam-recover instead of myisam-recover-options is deprecated and will be removed in a future release. Please use the full name instead.
2018-01-22 07:40:10 246 [Note] Plugin 'FEDERATED' is disabled.
2018-01-22 07:40:10 246 [Note] InnoDB: Using atomics to ref count buffer pool pages
2018-01-22 07:40:10 246 [Note] InnoDB: The InnoDB memory heap is disabled
2018-01-22 07:40:10 246 [Note] InnoDB: Mutexes and rw_locks use GCC atomic builtins
2018-01-22 07:40:10 246 [Note] InnoDB: Memory barrier is not used
2018-01-22 07:40:10 246 [Note] InnoDB: Compressed tables use zlib 1.2.3
2018-01-22 07:40:10 246 [Note] InnoDB: Using Linux native AIO
2018-01-22 07:40:10 246 [Note] InnoDB: Using CPU crc32 instructions
2018-01-22 07:40:10 246 [Note] InnoDB: Initializing buffer pool, size = 8.0M
2018-01-22 07:40:10 246 [Note] InnoDB: Completed initialization of buffer pool
2018-01-22 07:40:11 246 [Note] InnoDB: Highest supported file format is Barracuda.
2018-01-22 07:40:11 246 [Note] InnoDB: The log sequence numbers 1625987 and 1625987 in ibdata files do not match the log sequence number 7043808 in the ib_logfiles!
2018-01-22 07:40:11 246 [Note] InnoDB: Database was not shutdown normally!
2018-01-22 07:40:11 246 [Note] InnoDB: Starting crash recovery.
2018-01-22 07:40:11 246 [Note] InnoDB: Reading tablespace information from the .ibd files...
2018-01-22 07:40:11 246 [Note] InnoDB: Restoring possible half-written data pages 
2018-01-22 07:40:11 246 [Note] InnoDB: from the doublewrite buffer...
2018-01-22 07:40:12 246 [Note] InnoDB: 128 rollback segment(s) are active.
2018-01-22 07:40:12 246 [Note] InnoDB: Waiting for purge to start
2018-01-22 07:40:12 246 [Note] InnoDB: 5.6.37 started; log sequence number 7043808
2018-01-22 07:40:12 246 [Note] Server hostname (bind-address): '*'; port: 3306
2018-01-22 07:40:12 246 [Note] IPv6 is available.
2018-01-22 07:40:12 246 [Note]   - '::' resolves to '::';
2018-01-22 07:40:12 246 [Note] Server socket created on IP: '::'.
2018-01-22 07:40:12 246 [Warning] 'user' entry 'root@e24d0b5cccc1' ignored in --skip-name-resolve mode.
2018-01-22 07:40:12 246 [Warning] 'user' entry '@e24d0b5cccc1' ignored in --skip-name-resolve mode.
2018-01-22 07:40:12 246 [Warning] 'proxies_priv' entry '@ root@e24d0b5cccc1' ignored in --skip-name-resolve mode.
2018-01-22 07:40:12 246 [Note] Event Scheduler: Loaded 0 events
2018-01-22 07:40:12 246 [Note] /usr/sbin/mysqld: ready for connections.
Version: '5.6.37'  socket: '/var/run/mysqld/mysqld.sock'  port: 3306  MySQL Community Server (GPL)
2018-01-24 05:14:30 25 [Warning] Using unique option prefix myisam-recover instead of myisam-recover-options is deprecated and will be removed in a future release. Please use the full name instead.
2018-01-24 05:14:30 25 [Note] Plugin 'FEDERATED' is disabled.
2018-01-24 05:14:30 25 [Note] InnoDB: Using atomics to ref count buffer pool pages
2018-01-24 05:14:30 25 [Note] InnoDB: The InnoDB memory heap is disabled
2018-01-24 05:14:30 25 [Note] InnoDB: Mutexes and rw_locks use GCC atomic builtins
2018-01-24 05:14:30 25 [Note] InnoDB: Memory barrier is not used
2018-01-24 05:14:30 25 [Note] InnoDB: Compressed tables use zlib 1.2.3
2018-01-24 05:14:30 25 [Note] InnoDB: Using Linux native AIO
2018-01-24 05:14:30 25 [Note] InnoDB: Using CPU crc32 instructions
2018-01-24 05:14:30 25 [Note] InnoDB: Initializing buffer pool, size = 8.0M
2018-01-24 05:14:30 25 [Note] InnoDB: Completed initialization of buffer pool
2018-01-24 05:14:30 25 [Note] InnoDB: Highest supported file format is Barracuda.
2018-01-24 05:14:30 25 [Note] InnoDB: The log sequence numbers 1625987 and 1625987 in ibdata files do not match the log sequence number 7043818 in the ib_logfiles!
2018-01-24 05:14:30 25 [Note] InnoDB: Database was not shutdown normally!
2018-01-24 05:14:30 25 [Note] InnoDB: Starting crash recovery.
2018-01-24 05:14:30 25 [Note] InnoDB: Reading tablespace information from the .ibd files...
2018-01-24 05:14:30 25 [Note] InnoDB: Restoring possible half-written data pages 
2018-01-24 05:14:30 25 [Note] InnoDB: from the doublewrite buffer...
2018-01-24 05:14:31 25 [Note] InnoDB: 128 rollback segment(s) are active.
2018-01-24 05:14:31 25 [Note] InnoDB: Waiting for purge to start
2018-01-24 05:14:31 25 [Note] InnoDB: 5.6.37 started; log sequence number 7043818
2018-01-24 05:14:31 25 [Note] Server hostname (bind-address): '*'; port: 3306
2018-01-24 05:14:31 25 [Note] IPv6 is available.
2018-01-24 05:14:31 25 [Note]   - '::' resolves to '::';
2018-01-24 05:14:31 25 [Note] Server socket created on IP: '::'.
2018-01-24 05:14:31 25 [Warning] 'user' entry 'root@e24d0b5cccc1' ignored in --skip-name-resolve mode.
2018-01-24 05:14:31 25 [Warning] 'user' entry '@e24d0b5cccc1' ignored in --skip-name-resolve mode.
2018-01-24 05:14:31 25 [Warning] 'proxies_priv' entry '@ root@e24d0b5cccc1' ignored in --skip-name-resolve mode.
2018-01-24 05:14:31 25 [Note] Event Scheduler: Loaded 0 events
2018-01-24 05:14:31 25 [Note] /usr/sbin/mysqld: ready for connections.
Version: '5.6.37'  socket: '/var/run/mysqld/mysqld.sock'  port: 3306  MySQL Community Server (GPL)
2018-02-03 03:30:33 22 [Warning] Using unique option prefix myisam-recover instead of myisam-recover-options is deprecated and will be removed in a future release. Please use the full name instead.
2018-02-03 03:30:33 22 [Note] Plugin 'FEDERATED' is disabled.
2018-02-03 03:30:33 22 [Note] InnoDB: Using atomics to ref count buffer pool pages
2018-02-03 03:30:33 22 [Note] InnoDB: The InnoDB memory heap is disabled
2018-02-03 03:30:33 22 [Note] InnoDB: Mutexes and rw_locks use GCC atomic builtins
2018-02-03 03:30:33 22 [Note] InnoDB: Memory barrier is not used
2018-02-03 03:30:33 22 [Note] InnoDB: Compressed tables use zlib 1.2.3
2018-02-03 03:30:33 22 [Note] InnoDB: Using Linux native AIO
2018-02-03 03:30:33 22 [Note] InnoDB: Using CPU crc32 instructions
2018-02-03 03:30:33 22 [Note] InnoDB: Initializing buffer pool, size = 8.0M
2018-02-03 03:30:33 22 [Note] InnoDB: Completed initialization of buffer pool
2018-02-03 03:30:33 22 [Note] InnoDB: Highest supported file format is Barracuda.
2018-02-03 03:30:33 22 [Note] InnoDB: The log sequence numbers 1625987 and 1625987 in ibdata files do not match the log sequence number 7043828 in the ib_logfiles!
2018-02-03 03:30:33 22 [Note] InnoDB: Database was not shutdown normally!
2018-02-03 03:30:33 22 [Note] InnoDB: Starting crash recovery.
2018-02-03 03:30:33 22 [Note] InnoDB: Reading tablespace information from the .ibd files...
2018-02-03 03:30:34 22 [Note] InnoDB: Restoring possible half-written data pages 
2018-02-03 03:30:34 22 [Note] InnoDB: from the doublewrite buffer...
2018-02-03 03:30:34 22 [Note] InnoDB: 128 rollback segment(s) are active.
2018-02-03 03:30:34 22 [Note] InnoDB: Waiting for purge to start
2018-02-03 03:30:34 22 [Note] InnoDB: 5.6.37 started; log sequence number 7043828
2018-02-03 03:30:34 22 [Note] Server hostname (bind-address): '*'; port: 3306
2018-02-03 03:30:34 22 [Note] IPv6 is available.
2018-02-03 03:30:34 22 [Note]   - '::' resolves to '::';
2018-02-03 03:30:34 22 [Note] Server socket created on IP: '::'.
2018-02-03 03:30:34 22 [Warning] 'user' entry 'root@e24d0b5cccc1' ignored in --skip-name-resolve mode.
2018-02-03 03:30:34 22 [Warning] 'user' entry '@e24d0b5cccc1' ignored in --skip-name-resolve mode.
2018-02-03 03:30:34 22 [Warning] 'proxies_priv' entry '@ root@e24d0b5cccc1' ignored in --skip-name-resolve mode.
2018-02-03 03:30:34 22 [Note] Event Scheduler: Loaded 0 events
2018-02-03 03:30:34 22 [Note] /usr/sbin/mysqld: ready for connections.
Version: '5.6.37'  socket: '/var/run/mysqld/mysqld.sock'  port: 3306  MySQL Community Server (GPL)
2018-02-03 03:44:37 22 [Note] /usr/sbin/mysqld: Normal shutdown

2018-02-03 03:44:37 22 [Note] Giving 2 client threads a chance to die gracefully
2018-02-03 03:44:37 22 [Note] Event Scheduler: Purging the queue. 0 events
2018-02-03 03:44:37 22 [Note] Shutting down slave threads
2018-02-03 03:44:39 22 [Note] Forcefully disconnecting 2 remaining clients
2018-02-03 03:44:39 22 [Warning] /usr/sbin/mysqld: Forcing close of thread 6  user: 'root'

2018-02-03 03:44:39 22 [Warning] /usr/sbin/mysqld: Forcing close of thread 5  user: 'root'

2018-02-03 03:44:39 22 [Note] Binlog end
2018-02-03 03:44:39 22 [Note] Shutting down plugin 'partition'
2018-02-03 03:44:39 22 [Note] Shutting down plugin 'INNODB_SYS_DATAFILES'
2018-02-03 03:44:39 22 [Note] Shutting down plugin 'INNODB_SYS_TABLESPACES'
2018-02-03 03:44:39 22 [Note] Shutting down plugin 'INNODB_SYS_FOREIGN_COLS'
2018-02-03 03:44:39 22 [Note] Shutting down plugin 'INNODB_SYS_FOREIGN'
2018-02-03 03:44:39 22 [Note] Shutting down plugin 'INNODB_SYS_FIELDS'
2018-02-03 03:44:39 22 [Note] Shutting down plugin 'INNODB_SYS_COLUMNS'
2018-02-03 03:44:39 22 [Note] Shutting down plugin 'INNODB_SYS_INDEXES'
2018-02-03 03:44:39 22 [Note] Shutting down plugin 'INNODB_SYS_TABLESTATS'
2018-02-03 03:44:39 22 [Note] Shutting down plugin 'INNODB_SYS_TABLES'
2018-02-03 03:44:39 22 [Note] Shutting down plugin 'INNODB_FT_INDEX_TABLE'
2018-02-03 03:44:39 22 [Note] Shutting down plugin 'INNODB_FT_INDEX_CACHE'
2018-02-03 03:44:39 22 [Note] Shutting down plugin 'INNODB_FT_CONFIG'
2018-02-03 03:44:39 22 [Note] Shutting down plugin 'INNODB_FT_BEING_DELETED'
2018-02-03 03:44:39 22 [Note] Shutting down plugin 'INNODB_FT_DELETED'
2018-02-03 03:44:39 22 [Note] Shutting down plugin 'INNODB_FT_DEFAULT_STOPWORD'
2018-02-03 03:44:39 22 [Note] Shutting down plugin 'INNODB_METRICS'
2018-02-03 03:44:39 22 [Note] Shutting down plugin 'INNODB_BUFFER_POOL_STATS'
2018-02-03 03:44:39 22 [Note] Shutting down plugin 'INNODB_BUFFER_PAGE_LRU'
2018-02-03 03:44:39 22 [Note] Shutting down plugin 'INNODB_BUFFER_PAGE'
2018-02-03 03:44:39 22 [Note] Shutting down plugin 'INNODB_CMP_PER_INDEX_RESET'
2018-02-03 03:44:39 22 [Note] Shutting down plugin 'INNODB_CMP_PER_INDEX'
2018-02-03 03:44:39 22 [Note] Shutting down plugin 'INNODB_CMPMEM_RESET'
2018-02-03 03:44:39 22 [Note] Shutting down plugin 'INNODB_CMPMEM'
2018-02-03 03:44:39 22 [Note] Shutting down plugin 'INNODB_CMP_RESET'
2018-02-03 03:44:39 22 [Note] Shutting down plugin 'INNODB_CMP'
2018-02-03 03:44:39 22 [Note] Shutting down plugin 'INNODB_LOCK_WAITS'
2018-02-03 03:44:39 22 [Note] Shutting down plugin 'INNODB_LOCKS'
2018-02-03 03:44:39 22 [Note] Shutting down plugin 'INNODB_TRX'
2018-02-03 03:44:39 22 [Note] Shutting down plugin 'InnoDB'
2018-02-03 03:44:39 22 [Note] InnoDB: FTS optimize thread exiting.
2018-02-03 03:44:39 22 [Note] InnoDB: Starting shutdown...
2018-02-03 03:44:42 22 [Note] InnoDB: Shutdown completed; log sequence number 8977659
2018-02-03 03:44:42 22 [Note] Shutting down plugin 'BLACKHOLE'
2018-02-03 03:44:42 22 [Note] Shutting down plugin 'ARCHIVE'
2018-02-03 03:44:42 22 [Note] Shutting down plugin 'PERFORMANCE_SCHEMA'
2018-02-03 03:44:42 22 [Note] Shutting down plugin 'MEMORY'
2018-02-03 03:44:42 22 [Note] Shutting down plugin 'MyISAM'
2018-02-03 03:44:42 22 [Note] Shutting down plugin 'MRG_MYISAM'
2018-02-03 03:44:42 22 [Note] Shutting down plugin 'CSV'
2018-02-03 03:44:42 22 [Note] Shutting down plugin 'sha256_password'
2018-02-03 03:44:42 22 [Note] Shutting down plugin 'mysql_old_password'
2018-02-03 03:44:42 22 [Note] Shutting down plugin 'mysql_native_password'
2018-02-03 03:44:42 22 [Note] Shutting down plugin 'binlog'
2018-02-03 03:44:43 22 [Note] /usr/sbin/mysqld: Shutdown complete

2018-02-03 03:55:17 21 [Warning] Using unique option prefix myisam-recover instead of myisam-recover-options is deprecated and will be removed in a future release. Please use the full name instead.
2018-02-03 03:55:17 21 [Note] Plugin 'FEDERATED' is disabled.
2018-02-03 03:55:17 21 [Note] InnoDB: Using atomics to ref count buffer pool pages
2018-02-03 03:55:17 21 [Note] InnoDB: The InnoDB memory heap is disabled
2018-02-03 03:55:17 21 [Note] InnoDB: Mutexes and rw_locks use GCC atomic builtins
2018-02-03 03:55:17 21 [Note] InnoDB: Memory barrier is not used
2018-02-03 03:55:17 21 [Note] InnoDB: Compressed tables use zlib 1.2.3
2018-02-03 03:55:17 21 [Note] InnoDB: Using Linux native AIO
2018-02-03 03:55:17 21 [Note] InnoDB: Using CPU crc32 instructions
2018-02-03 03:55:18 21 [Note] InnoDB: Initializing buffer pool, size = 8.0M
2018-02-03 03:55:18 21 [Note] InnoDB: Completed initialization of buffer pool
2018-02-03 03:55:18 21 [Note] InnoDB: Highest supported file format is Barracuda.
2018-02-03 03:55:18 21 [Note] InnoDB: 128 rollback segment(s) are active.
2018-02-03 03:55:18 21 [Note] InnoDB: Waiting for purge to start
2018-02-03 03:55:18 21 [Note] InnoDB: 5.6.37 started; log sequence number 8977659
2018-02-03 03:55:18 21 [Note] Server hostname (bind-address): '*'; port: 3306
2018-02-03 03:55:18 21 [Note] IPv6 is available.
2018-02-03 03:55:18 21 [Note]   - '::' resolves to '::';
2018-02-03 03:55:18 21 [Note] Server socket created on IP: '::'.
2018-02-03 03:55:18 21 [Warning] 'user' entry 'root@e24d0b5cccc1' ignored in --skip-name-resolve mode.
2018-02-03 03:55:18 21 [Warning] 'user' entry '@e24d0b5cccc1' ignored in --skip-name-resolve mode.
2018-02-03 03:55:18 21 [Warning] 'proxies_priv' entry '@ root@e24d0b5cccc1' ignored in --skip-name-resolve mode.
2018-02-03 03:55:18 21 [Note] Event Scheduler: Loaded 0 events
2018-02-03 03:55:18 21 [Note] /usr/sbin/mysqld: ready for connections.
Version: '5.6.37'  socket: '/var/run/mysqld/mysqld.sock'  port: 3306  MySQL Community Server (GPL)
2018-02-04 07:48:59 21 [Warning] Using unique option prefix myisam-recover instead of myisam-recover-options is deprecated and will be removed in a future release. Please use the full name instead.
2018-02-04 07:48:59 21 [Note] Plugin 'FEDERATED' is disabled.
2018-02-04 07:48:59 21 [Note] InnoDB: Using atomics to ref count buffer pool pages
2018-02-04 07:48:59 21 [Note] InnoDB: The InnoDB memory heap is disabled
2018-02-04 07:48:59 21 [Note] InnoDB: Mutexes and rw_locks use GCC atomic builtins
2018-02-04 07:48:59 21 [Note] InnoDB: Memory barrier is not used
2018-02-04 07:48:59 21 [Note] InnoDB: Compressed tables use zlib 1.2.3
2018-02-04 07:48:59 21 [Note] InnoDB: Using Linux native AIO
2018-02-04 07:48:59 21 [Note] InnoDB: Using CPU crc32 instructions
2018-02-04 07:48:59 21 [Note] InnoDB: Initializing buffer pool, size = 8.0M
2018-02-04 07:48:59 21 [Note] InnoDB: Completed initialization of buffer pool
2018-02-04 07:49:00 21 [Note] InnoDB: Highest supported file format is Barracuda.
2018-02-04 07:49:00 21 [Note] InnoDB: The log sequence numbers 8977659 and 8977659 in ibdata files do not match the log sequence number 9082894 in the ib_logfiles!
2018-02-04 07:49:00 21 [Note] InnoDB: Database was not shutdown normally!
2018-02-04 07:49:00 21 [Note] InnoDB: Starting crash recovery.
2018-02-04 07:49:00 21 [Note] InnoDB: Reading tablespace information from the .ibd files...
2018-02-04 07:49:00 21 [Note] InnoDB: Restoring possible half-written data pages 
2018-02-04 07:49:00 21 [Note] InnoDB: from the doublewrite buffer...
2018-02-04 07:49:02 21 [Note] InnoDB: 128 rollback segment(s) are active.
2018-02-04 07:49:02 21 [Note] InnoDB: Waiting for purge to start
2018-02-04 07:49:03 21 [Note] InnoDB: 5.6.37 started; log sequence number 9082894
2018-02-04 07:49:03 21 [Note] Server hostname (bind-address): '*'; port: 3306
2018-02-04 07:49:03 21 [Note] IPv6 is available.
2018-02-04 07:49:03 21 [Note]   - '::' resolves to '::';
2018-02-04 07:49:03 21 [Note] Server socket created on IP: '::'.
2018-02-04 07:49:03 21 [Warning] 'user' entry 'root@e24d0b5cccc1' ignored in --skip-name-resolve mode.
2018-02-04 07:49:03 21 [Warning] 'user' entry '@e24d0b5cccc1' ignored in --skip-name-resolve mode.
2018-02-04 07:49:03 21 [Warning] 'proxies_priv' entry '@ root@e24d0b5cccc1' ignored in --skip-name-resolve mode.
2018-02-04 07:49:03 21 [Note] Event Scheduler: Loaded 0 events
2018-02-04 07:49:03 21 [Note] /usr/sbin/mysqld: ready for connections.
Version: '5.6.37'  socket: '/var/run/mysqld/mysqld.sock'  port: 3306  MySQL Community Server (GPL)
2018-02-05 00:31:56 19 [Warning] Using unique option prefix myisam-recover instead of myisam-recover-options is deprecated and will be removed in a future release. Please use the full name instead.
2018-02-05 00:31:56 19 [Note] Plugin 'FEDERATED' is disabled.
2018-02-05 00:31:56 19 [Note] InnoDB: Using atomics to ref count buffer pool pages
2018-02-05 00:31:56 19 [Note] InnoDB: The InnoDB memory heap is disabled
2018-02-05 00:31:56 19 [Note] InnoDB: Mutexes and rw_locks use GCC atomic builtins
2018-02-05 00:31:56 19 [Note] InnoDB: Memory barrier is not used
2018-02-05 00:31:56 19 [Note] InnoDB: Compressed tables use zlib 1.2.3
2018-02-05 00:31:56 19 [Note] InnoDB: Using Linux native AIO
2018-02-05 00:31:56 19 [Note] InnoDB: Using CPU crc32 instructions
2018-02-05 00:31:56 19 [Note] InnoDB: Initializing buffer pool, size = 8.0M
2018-02-05 00:31:56 19 [Note] InnoDB: Completed initialization of buffer pool
2018-02-05 00:31:56 19 [Note] InnoDB: Highest supported file format is Barracuda.
2018-02-05 00:31:56 19 [Note] InnoDB: The log sequence numbers 8977659 and 8977659 in ibdata files do not match the log sequence number 9292429 in the ib_logfiles!
2018-02-05 00:31:56 19 [Note] InnoDB: Database was not shutdown normally!
2018-02-05 00:31:56 19 [Note] InnoDB: Starting crash recovery.
2018-02-05 00:31:56 19 [Note] InnoDB: Reading tablespace information from the .ibd files...
2018-02-05 00:31:57 19 [Note] InnoDB: Restoring possible half-written data pages 
2018-02-05 00:31:57 19 [Note] InnoDB: from the doublewrite buffer...
2018-02-05 00:31:58 19 [Note] InnoDB: 128 rollback segment(s) are active.
2018-02-05 00:31:59 19 [Note] InnoDB: Waiting for purge to start
2018-02-05 00:31:59 19 [Note] InnoDB: 5.6.37 started; log sequence number 9292429
2018-02-05 00:31:59 19 [Note] Server hostname (bind-address): '*'; port: 3306
2018-02-05 00:31:59 19 [Note] IPv6 is available.
2018-02-05 00:31:59 19 [Note]   - '::' resolves to '::';
2018-02-05 00:31:59 19 [Note] Server socket created on IP: '::'.
2018-02-05 00:31:59 19 [Warning] 'user' entry 'root@e24d0b5cccc1' ignored in --skip-name-resolve mode.
2018-02-05 00:31:59 19 [Warning] 'user' entry '@e24d0b5cccc1' ignored in --skip-name-resolve mode.
2018-02-05 00:31:59 19 [Warning] 'proxies_priv' entry '@ root@e24d0b5cccc1' ignored in --skip-name-resolve mode.
2018-02-05 00:32:00 19 [Note] Event Scheduler: Loaded 0 events
2018-02-05 00:32:00 19 [Note] /usr/sbin/mysqld: ready for connections.
Version: '5.6.37'  socket: '/var/run/mysqld/mysqld.sock'  port: 3306  MySQL Community Server (GPL)
2018-02-06 10:55:03 17 [Warning] Using unique option prefix myisam-recover instead of myisam-recover-options is deprecated and will be removed in a future release. Please use the full name instead.
2018-02-06 10:55:03 17 [Note] Plugin 'FEDERATED' is disabled.
2018-02-06 10:55:03 17 [Note] InnoDB: Using atomics to ref count buffer pool pages
2018-02-06 10:55:03 17 [Note] InnoDB: The InnoDB memory heap is disabled
2018-02-06 10:55:03 17 [Note] InnoDB: Mutexes and rw_locks use GCC atomic builtins
2018-02-06 10:55:03 17 [Note] InnoDB: Memory barrier is not used
2018-02-06 10:55:03 17 [Note] InnoDB: Compressed tables use zlib 1.2.3
2018-02-06 10:55:03 17 [Note] InnoDB: Using Linux native AIO
2018-02-06 10:55:03 17 [Note] InnoDB: Using CPU crc32 instructions
2018-02-06 10:55:03 17 [Note] InnoDB: Initializing buffer pool, size = 8.0M
2018-02-06 10:55:03 17 [Note] InnoDB: Completed initialization of buffer pool
2018-02-06 10:55:04 17 [Note] InnoDB: Highest supported file format is Barracuda.
2018-02-06 10:55:04 17 [Note] InnoDB: The log sequence numbers 8977659 and 8977659 in ibdata files do not match the log sequence number 9388094 in the ib_logfiles!
2018-02-06 10:55:04 17 [Note] InnoDB: Database was not shutdown normally!
2018-02-06 10:55:04 17 [Note] InnoDB: Starting crash recovery.
2018-02-06 10:55:04 17 [Note] InnoDB: Reading tablespace information from the .ibd files...
2018-02-06 10:55:04 17 [Note] InnoDB: Restoring possible half-written data pages 
2018-02-06 10:55:05 17 [Note] InnoDB: from the doublewrite buffer...
2018-02-06 10:55:07 17 [Note] InnoDB: 128 rollback segment(s) are active.
2018-02-06 10:55:07 17 [Note] InnoDB: Waiting for purge to start
2018-02-06 10:55:07 17 [Note] InnoDB: 5.6.37 started; log sequence number 9388094
2018-02-06 10:55:07 17 [Note] Server hostname (bind-address): '*'; port: 3306
2018-02-06 10:55:07 17 [Note] IPv6 is available.
2018-02-06 10:55:07 17 [Note]   - '::' resolves to '::';
2018-02-06 10:55:07 17 [Note] Server socket created on IP: '::'.
2018-02-06 10:55:07 17 [Warning] 'user' entry 'root@e24d0b5cccc1' ignored in --skip-name-resolve mode.
2018-02-06 10:55:07 17 [Warning] 'user' entry '@e24d0b5cccc1' ignored in --skip-name-resolve mode.
2018-02-06 10:55:07 17 [Warning] 'proxies_priv' entry '@ root@e24d0b5cccc1' ignored in --skip-name-resolve mode.
2018-02-06 10:55:08 17 [Note] Event Scheduler: Loaded 0 events
2018-02-06 10:55:09 17 [Note] /usr/sbin/mysqld: ready for connections.
Version: '5.6.37'  socket: '/var/run/mysqld/mysqld.sock'  port: 3306  MySQL Community Server (GPL)
2018-02-07 08:32:07 30 [Warning] Using unique option prefix myisam-recover instead of myisam-recover-options is deprecated and will be removed in a future release. Please use the full name instead.
2018-02-07 08:32:07 30 [Note] Plugin 'FEDERATED' is disabled.
2018-02-07 08:32:07 30 [Note] InnoDB: Using atomics to ref count buffer pool pages
2018-02-07 08:32:07 30 [Note] InnoDB: The InnoDB memory heap is disabled
2018-02-07 08:32:07 30 [Note] InnoDB: Mutexes and rw_locks use GCC atomic builtins
2018-02-07 08:32:07 30 [Note] InnoDB: Memory barrier is not used
2018-02-07 08:32:07 30 [Note] InnoDB: Compressed tables use zlib 1.2.3
2018-02-07 08:32:07 30 [Note] InnoDB: Using Linux native AIO
2018-02-07 08:32:07 30 [Note] InnoDB: Using CPU crc32 instructions
2018-02-07 08:32:07 30 [Note] InnoDB: Initializing buffer pool, size = 8.0M
2018-02-07 08:32:07 30 [Note] InnoDB: Completed initialization of buffer pool
2018-02-07 08:32:08 30 [Note] InnoDB: Highest supported file format is Barracuda.
2018-02-07 08:32:08 30 [Note] InnoDB: The log sequence numbers 8977659 and 8977659 in ibdata files do not match the log sequence number 9388104 in the ib_logfiles!
2018-02-07 08:32:08 30 [Note] InnoDB: Database was not shutdown normally!
2018-02-07 08:32:08 30 [Note] InnoDB: Starting crash recovery.
2018-02-07 08:32:08 30 [Note] InnoDB: Reading tablespace information from the .ibd files...
2018-02-07 08:32:08 30 [Note] InnoDB: Restoring possible half-written data pages 
2018-02-07 08:32:08 30 [Note] InnoDB: from the doublewrite buffer...
2018-02-07 08:32:12 30 [Note] InnoDB: 128 rollback segment(s) are active.
2018-02-07 08:32:12 30 [Note] InnoDB: Waiting for purge to start
2018-02-07 08:32:12 30 [Note] InnoDB: 5.6.37 started; log sequence number 9388104
2018-02-07 08:32:12 30 [Note] Server hostname (bind-address): '*'; port: 3306
2018-02-07 08:32:12 30 [Note] IPv6 is available.
2018-02-07 08:32:12 30 [Note]   - '::' resolves to '::';
2018-02-07 08:32:12 30 [Note] Server socket created on IP: '::'.
2018-02-07 08:32:12 30 [Warning] 'user' entry 'root@e24d0b5cccc1' ignored in --skip-name-resolve mode.
2018-02-07 08:32:12 30 [Warning] 'user' entry '@e24d0b5cccc1' ignored in --skip-name-resolve mode.
2018-02-07 08:32:12 30 [Warning] 'proxies_priv' entry '@ root@e24d0b5cccc1' ignored in --skip-name-resolve mode.
2018-02-07 08:32:13 30 [Note] Event Scheduler: Loaded 0 events
2018-02-07 08:32:13 30 [Note] /usr/sbin/mysqld: ready for connections.
Version: '5.6.37'  socket: '/var/run/mysqld/mysqld.sock'  port: 3306  MySQL Community Server (GPL)
2018-02-19 00:10:09 22 [Warning] Using unique option prefix myisam-recover instead of myisam-recover-options is deprecated and will be removed in a future release. Please use the full name instead.
2018-02-19 00:10:09 22 [Note] Plugin 'FEDERATED' is disabled.
2018-02-19 00:10:09 22 [Note] InnoDB: Using atomics to ref count buffer pool pages
2018-02-19 00:10:09 22 [Note] InnoDB: The InnoDB memory heap is disabled
2018-02-19 00:10:09 22 [Note] InnoDB: Mutexes and rw_locks use GCC atomic builtins
2018-02-19 00:10:09 22 [Note] InnoDB: Memory barrier is not used
2018-02-19 00:10:09 22 [Note] InnoDB: Compressed tables use zlib 1.2.3
2018-02-19 00:10:09 22 [Note] InnoDB: Using Linux native AIO
2018-02-19 00:10:09 22 [Note] InnoDB: Using CPU crc32 instructions
2018-02-19 00:10:09 22 [Note] InnoDB: Initializing buffer pool, size = 8.0M
2018-02-19 00:10:09 22 [Note] InnoDB: Completed initialization of buffer pool
2018-02-19 00:10:10 22 [Note] InnoDB: Highest supported file format is Barracuda.
2018-02-19 00:10:10 22 [Note] InnoDB: The log sequence numbers 8977659 and 8977659 in ibdata files do not match the log sequence number 9388114 in the ib_logfiles!
2018-02-19 00:10:10 22 [Note] InnoDB: Database was not shutdown normally!
2018-02-19 00:10:10 22 [Note] InnoDB: Starting crash recovery.
2018-02-19 00:10:10 22 [Note] InnoDB: Reading tablespace information from the .ibd files...
2018-02-19 00:10:10 22 [Note] InnoDB: Restoring possible half-written data pages 
2018-02-19 00:10:10 22 [Note] InnoDB: from the doublewrite buffer...
2018-02-19 00:10:12 22 [Note] InnoDB: 128 rollback segment(s) are active.
2018-02-19 00:10:12 22 [Note] InnoDB: Waiting for purge to start
2018-02-19 00:10:12 22 [Note] InnoDB: 5.6.37 started; log sequence number 9388114
2018-02-19 00:10:13 22 [Note] Server hostname (bind-address): '*'; port: 3306
2018-02-19 00:10:13 22 [Note] IPv6 is available.
2018-02-19 00:10:13 22 [Note]   - '::' resolves to '::';
2018-02-19 00:10:13 22 [Note] Server socket created on IP: '::'.
2018-02-19 00:10:13 22 [Warning] 'user' entry 'root@e24d0b5cccc1' ignored in --skip-name-resolve mode.
2018-02-19 00:10:13 22 [Warning] 'user' entry '@e24d0b5cccc1' ignored in --skip-name-resolve mode.
2018-02-19 00:10:13 22 [Warning] 'proxies_priv' entry '@ root@e24d0b5cccc1' ignored in --skip-name-resolve mode.
2018-02-19 00:10:14 22 [Note] Event Scheduler: Loaded 0 events
2018-02-19 00:10:14 22 [Note] /usr/sbin/mysqld: ready for connections.
Version: '5.6.37'  socket: '/var/run/mysqld/mysqld.sock'  port: 3306  MySQL Community Server (GPL)
2018-02-19 08:01:55 43 [Warning] Using unique option prefix myisam-recover instead of myisam-recover-options is deprecated and will be removed in a future release. Please use the full name instead.
2018-02-19 08:01:55 43 [Note] Plugin 'FEDERATED' is disabled.
2018-02-19 08:01:55 43 [Note] InnoDB: Using atomics to ref count buffer pool pages
2018-02-19 08:01:55 43 [Note] InnoDB: The InnoDB memory heap is disabled
2018-02-19 08:01:55 43 [Note] InnoDB: Mutexes and rw_locks use GCC atomic builtins
2018-02-19 08:01:55 43 [Note] InnoDB: Memory barrier is not used
2018-02-19 08:01:55 43 [Note] InnoDB: Compressed tables use zlib 1.2.3
2018-02-19 08:01:55 43 [Note] InnoDB: Using Linux native AIO
2018-02-19 08:01:55 43 [Note] InnoDB: Using CPU crc32 instructions
2018-02-19 08:01:55 43 [Note] InnoDB: Initializing buffer pool, size = 8.0M
2018-02-19 08:01:55 43 [Note] InnoDB: Completed initialization of buffer pool
2018-02-19 08:01:56 43 [Note] InnoDB: Highest supported file format is Barracuda.
2018-02-19 08:01:56 43 [Note] InnoDB: The log sequence numbers 8977659 and 8977659 in ibdata files do not match the log sequence number 11816345 in the ib_logfiles!
2018-02-19 08:01:56 43 [Note] InnoDB: Database was not shutdown normally!
2018-02-19 08:01:56 43 [Note] InnoDB: Starting crash recovery.
2018-02-19 08:01:56 43 [Note] InnoDB: Reading tablespace information from the .ibd files...
2018-02-19 08:01:57 43 [Note] InnoDB: Restoring possible half-written data pages 
2018-02-19 08:01:57 43 [Note] InnoDB: from the doublewrite buffer...
2018-02-19 08:02:01 43 [Note] InnoDB: 128 rollback segment(s) are active.
2018-02-19 08:02:01 43 [Note] InnoDB: Waiting for purge to start
2018-02-19 08:02:01 43 [Note] InnoDB: 5.6.37 started; log sequence number 11816345
2018-02-19 08:02:01 43 [Note] Server hostname (bind-address): '*'; port: 3306
2018-02-19 08:02:01 43 [Note] IPv6 is available.
2018-02-19 08:02:01 43 [Note]   - '::' resolves to '::';
2018-02-19 08:02:01 43 [Note] Server socket created on IP: '::'.
2018-02-19 08:02:01 43 [Warning] 'user' entry 'root@e24d0b5cccc1' ignored in --skip-name-resolve mode.
2018-02-19 08:02:01 43 [Warning] 'user' entry '@e24d0b5cccc1' ignored in --skip-name-resolve mode.
2018-02-19 08:02:01 43 [Warning] 'proxies_priv' entry '@ root@e24d0b5cccc1' ignored in --skip-name-resolve mode.
2018-02-19 08:02:02 43 [Note] Event Scheduler: Loaded 0 events
2018-02-19 08:02:02 43 [Note] /usr/sbin/mysqld: ready for connections.
Version: '5.6.37'  socket: '/var/run/mysqld/mysqld.sock'  port: 3306  MySQL Community Server (GPL)
